{"/home/runner/work/study-game/study-game/src/App.jsx": {"path":"/home/runner/work/study-game/study-game/src/App.jsx","all":true,"statementMap":{"0":{"start":{"line":1,"column":0},"end":{"line":1,"column":45}},"1":{"start":{"line":2,"column":0},"end":{"line":2,"column":54}},"2":{"start":{"line":3,"column":0},"end":{"line":3,"column":0}},"3":{"start":{"line":4,"column":0},"end":{"line":4,"column":16}},"4":{"start":{"line":5,"column":0},"end":{"line":5,"column":10}},"5":{"start":{"line":6,"column":0},"end":{"line":6,"column":19}},"6":{"start":{"line":7,"column":0},"end":{"line":7,"column":24}},"7":{"start":{"line":8,"column":0},"end":{"line":8,"column":20}},"8":{"start":{"line":9,"column":0},"end":{"line":9,"column":3}},"9":{"start":{"line":10,"column":0},"end":{"line":10,"column":1}},"10":{"start":{"line":11,"column":0},"end":{"line":11,"column":0}},"11":{"start":{"line":12,"column":0},"end":{"line":12,"column":18}}},"s":{"0":0,"1":0,"2":0,"3":0,"4":0,"5":0,"6":0,"7":0,"8":0,"9":0,"10":0,"11":0},"branchMap":{"0":{"type":"branch","line":1,"loc":{"start":{"line":1,"column":221},"end":{"line":12,"column":18}},"locations":[{"start":{"line":1,"column":221},"end":{"line":12,"column":18}}]}},"b":{"0":[0]},"fnMap":{"0":{"name":"(empty-report)","decl":{"start":{"line":1,"column":221},"end":{"line":12,"column":18}},"loc":{"start":{"line":1,"column":221},"end":{"line":12,"column":18}},"line":1}},"f":{"0":0}}
,"/home/runner/work/study-game/study-game/src/SmartAdventure.jsx": {"path":"/home/runner/work/study-game/study-game/src/SmartAdventure.jsx","all":true,"statementMap":{"0":{"start":{"line":1,"column":0},"end":{"line":1,"column":51}},"1":{"start":{"line":2,"column":0},"end":{"line":2,"column":9}},"2":{"start":{"line":3,"column":0},"end":{"line":3,"column":74}},"3":{"start":{"line":4,"column":0},"end":{"line":4,"column":101}},"4":{"start":{"line":5,"column":0},"end":{"line":5,"column":22}},"5":{"start":{"line":6,"column":0},"end":{"line":6,"column":0}},"6":{"start":{"line":7,"column":0},"end":{"line":7,"column":214}},"7":{"start":{"line":8,"column":0},"end":{"line":8,"column":65}},"8":{"start":{"line":9,"column":0},"end":{"line":9,"column":67}},"9":{"start":{"line":10,"column":0},"end":{"line":10,"column":53}},"10":{"start":{"line":11,"column":0},"end":{"line":11,"column":61}},"11":{"start":{"line":12,"column":0},"end":{"line":12,"column":59}},"12":{"start":{"line":13,"column":0},"end":{"line":13,"column":53}},"13":{"start":{"line":14,"column":0},"end":{"line":14,"column":86}},"14":{"start":{"line":15,"column":0},"end":{"line":15,"column":80}},"15":{"start":{"line":16,"column":0},"end":{"line":16,"column":49}},"16":{"start":{"line":17,"column":0},"end":{"line":17,"column":64}},"17":{"start":{"line":18,"column":0},"end":{"line":18,"column":56}},"18":{"start":{"line":19,"column":0},"end":{"line":19,"column":116}},"19":{"start":{"line":20,"column":0},"end":{"line":20,"column":48}},"20":{"start":{"line":21,"column":0},"end":{"line":21,"column":74}},"21":{"start":{"line":22,"column":0},"end":{"line":22,"column":43}},"22":{"start":{"line":23,"column":0},"end":{"line":23,"column":41}},"23":{"start":{"line":24,"column":0},"end":{"line":24,"column":104}},"24":{"start":{"line":25,"column":0},"end":{"line":25,"column":58}},"25":{"start":{"line":26,"column":0},"end":{"line":26,"column":0}},"26":{"start":{"line":27,"column":0},"end":{"line":27,"column":97}},"27":{"start":{"line":28,"column":0},"end":{"line":28,"column":0}},"28":{"start":{"line":29,"column":0},"end":{"line":29,"column":34}},"29":{"start":{"line":30,"column":0},"end":{"line":30,"column":18}},"30":{"start":{"line":31,"column":0},"end":{"line":31,"column":40}},"31":{"start":{"line":32,"column":0},"end":{"line":32,"column":48}},"32":{"start":{"line":33,"column":0},"end":{"line":33,"column":90}},"33":{"start":{"line":34,"column":0},"end":{"line":34,"column":5}},"34":{"start":{"line":35,"column":0},"end":{"line":35,"column":14}},"35":{"start":{"line":36,"column":0},"end":{"line":36,"column":2}},"36":{"start":{"line":37,"column":0},"end":{"line":37,"column":0}},"37":{"start":{"line":38,"column":0},"end":{"line":38,"column":30}},"38":{"start":{"line":39,"column":0},"end":{"line":39,"column":32}},"39":{"start":{"line":40,"column":0},"end":{"line":40,"column":63}},"40":{"start":{"line":41,"column":0},"end":{"line":41,"column":41}},"41":{"start":{"line":42,"column":0},"end":{"line":42,"column":62}},"42":{"start":{"line":43,"column":0},"end":{"line":43,"column":68}},"43":{"start":{"line":44,"column":0},"end":{"line":44,"column":5}},"44":{"start":{"line":45,"column":0},"end":{"line":45,"column":0}},"45":{"start":{"line":46,"column":0},"end":{"line":46,"column":67}},"46":{"start":{"line":47,"column":0},"end":{"line":47,"column":81}},"47":{"start":{"line":48,"column":0},"end":{"line":48,"column":49}},"48":{"start":{"line":49,"column":0},"end":{"line":49,"column":47}},"49":{"start":{"line":50,"column":0},"end":{"line":50,"column":47}},"50":{"start":{"line":51,"column":0},"end":{"line":51,"column":59}},"51":{"start":{"line":52,"column":0},"end":{"line":52,"column":40}},"52":{"start":{"line":53,"column":0},"end":{"line":53,"column":42}},"53":{"start":{"line":54,"column":0},"end":{"line":54,"column":41}},"54":{"start":{"line":55,"column":0},"end":{"line":55,"column":56}},"55":{"start":{"line":56,"column":0},"end":{"line":56,"column":50}},"56":{"start":{"line":57,"column":0},"end":{"line":57,"column":57}},"57":{"start":{"line":58,"column":0},"end":{"line":58,"column":56}},"58":{"start":{"line":59,"column":0},"end":{"line":59,"column":50}},"59":{"start":{"line":60,"column":0},"end":{"line":60,"column":71}},"60":{"start":{"line":61,"column":0},"end":{"line":61,"column":61}},"61":{"start":{"line":62,"column":0},"end":{"line":62,"column":59}},"62":{"start":{"line":63,"column":0},"end":{"line":63,"column":52}},"63":{"start":{"line":64,"column":0},"end":{"line":64,"column":66}},"64":{"start":{"line":65,"column":0},"end":{"line":65,"column":62}},"65":{"start":{"line":66,"column":0},"end":{"line":66,"column":58}},"66":{"start":{"line":67,"column":0},"end":{"line":67,"column":94}},"67":{"start":{"line":68,"column":0},"end":{"line":68,"column":50}},"68":{"start":{"line":69,"column":0},"end":{"line":69,"column":63}},"69":{"start":{"line":70,"column":0},"end":{"line":70,"column":59}},"70":{"start":{"line":71,"column":0},"end":{"line":71,"column":97}},"71":{"start":{"line":72,"column":0},"end":{"line":72,"column":56}},"72":{"start":{"line":73,"column":0},"end":{"line":73,"column":66}},"73":{"start":{"line":74,"column":0},"end":{"line":74,"column":63}},"74":{"start":{"line":75,"column":0},"end":{"line":75,"column":96}},"75":{"start":{"line":76,"column":0},"end":{"line":76,"column":0}},"76":{"start":{"line":77,"column":0},"end":{"line":77,"column":16}},"77":{"start":{"line":78,"column":0},"end":{"line":78,"column":19}},"78":{"start":{"line":79,"column":0},"end":{"line":79,"column":9}},"79":{"start":{"line":80,"column":0},"end":{"line":80,"column":50}},"80":{"start":{"line":81,"column":0},"end":{"line":81,"column":18}},"81":{"start":{"line":82,"column":0},"end":{"line":82,"column":39}},"82":{"start":{"line":83,"column":0},"end":{"line":83,"column":40}},"83":{"start":{"line":84,"column":0},"end":{"line":84,"column":61}},"84":{"start":{"line":85,"column":0},"end":{"line":85,"column":48}},"85":{"start":{"line":86,"column":0},"end":{"line":86,"column":54}},"86":{"start":{"line":87,"column":0},"end":{"line":87,"column":41}},"87":{"start":{"line":88,"column":0},"end":{"line":88,"column":66}},"88":{"start":{"line":89,"column":0},"end":{"line":89,"column":58}},"89":{"start":{"line":90,"column":0},"end":{"line":90,"column":13}},"90":{"start":{"line":91,"column":0},"end":{"line":91,"column":28}},"91":{"start":{"line":92,"column":0},"end":{"line":92,"column":9}},"92":{"start":{"line":93,"column":0},"end":{"line":93,"column":34}},"93":{"start":{"line":94,"column":0},"end":{"line":94,"column":73}},"94":{"start":{"line":95,"column":0},"end":{"line":95,"column":77}},"95":{"start":{"line":96,"column":0},"end":{"line":96,"column":25}},"96":{"start":{"line":97,"column":0},"end":{"line":97,"column":31}},"97":{"start":{"line":98,"column":0},"end":{"line":98,"column":54}},"98":{"start":{"line":99,"column":0},"end":{"line":99,"column":42}},"99":{"start":{"line":100,"column":0},"end":{"line":100,"column":57}},"100":{"start":{"line":101,"column":0},"end":{"line":101,"column":11}},"101":{"start":{"line":102,"column":0},"end":{"line":102,"column":9}},"102":{"start":{"line":103,"column":0},"end":{"line":103,"column":105}},"103":{"start":{"line":104,"column":0},"end":{"line":104,"column":85}},"104":{"start":{"line":105,"column":0},"end":{"line":105,"column":49}},"105":{"start":{"line":106,"column":0},"end":{"line":106,"column":9}},"106":{"start":{"line":107,"column":0},"end":{"line":107,"column":8}},"107":{"start":{"line":108,"column":0},"end":{"line":108,"column":49}},"108":{"start":{"line":109,"column":0},"end":{"line":109,"column":36}},"109":{"start":{"line":110,"column":0},"end":{"line":110,"column":32}},"110":{"start":{"line":111,"column":0},"end":{"line":111,"column":9}},"111":{"start":{"line":112,"column":0},"end":{"line":112,"column":14}},"112":{"start":{"line":113,"column":0},"end":{"line":113,"column":23}},"113":{"start":{"line":114,"column":0},"end":{"line":114,"column":30}},"114":{"start":{"line":115,"column":0},"end":{"line":115,"column":7}},"115":{"start":{"line":116,"column":0},"end":{"line":116,"column":13}},"116":{"start":{"line":117,"column":0},"end":{"line":117,"column":51}},"117":{"start":{"line":118,"column":0},"end":{"line":118,"column":28}},"118":{"start":{"line":119,"column":0},"end":{"line":119,"column":5}},"119":{"start":{"line":120,"column":0},"end":{"line":120,"column":9}},"120":{"start":{"line":121,"column":0},"end":{"line":121,"column":0}},"121":{"start":{"line":122,"column":0},"end":{"line":122,"column":19}},"122":{"start":{"line":123,"column":0},"end":{"line":123,"column":9}},"123":{"start":{"line":124,"column":0},"end":{"line":124,"column":50}},"124":{"start":{"line":125,"column":0},"end":{"line":125,"column":58}},"125":{"start":{"line":126,"column":0},"end":{"line":126,"column":53}},"126":{"start":{"line":127,"column":0},"end":{"line":127,"column":16}},"127":{"start":{"line":128,"column":0},"end":{"line":128,"column":15}},"128":{"start":{"line":129,"column":0},"end":{"line":129,"column":29}},"129":{"start":{"line":130,"column":0},"end":{"line":130,"column":16}},"130":{"start":{"line":131,"column":0},"end":{"line":131,"column":30}},"131":{"start":{"line":132,"column":0},"end":{"line":132,"column":29}},"132":{"start":{"line":133,"column":0},"end":{"line":133,"column":39}},"133":{"start":{"line":134,"column":0},"end":{"line":134,"column":22}},"134":{"start":{"line":135,"column":0},"end":{"line":135,"column":10}},"135":{"start":{"line":136,"column":0},"end":{"line":136,"column":13}},"136":{"start":{"line":137,"column":0},"end":{"line":137,"column":56}},"137":{"start":{"line":138,"column":0},"end":{"line":138,"column":5}},"138":{"start":{"line":139,"column":0},"end":{"line":139,"column":104}},"139":{"start":{"line":140,"column":0},"end":{"line":140,"column":0}},"140":{"start":{"line":141,"column":0},"end":{"line":141,"column":29}},"141":{"start":{"line":142,"column":0},"end":{"line":142,"column":25}},"142":{"start":{"line":143,"column":0},"end":{"line":143,"column":23}},"143":{"start":{"line":144,"column":0},"end":{"line":144,"column":56}},"144":{"start":{"line":145,"column":0},"end":{"line":145,"column":60}},"145":{"start":{"line":146,"column":0},"end":{"line":146,"column":59}},"146":{"start":{"line":147,"column":0},"end":{"line":147,"column":59}},"147":{"start":{"line":148,"column":0},"end":{"line":148,"column":104}},"148":{"start":{"line":149,"column":0},"end":{"line":149,"column":76}},"149":{"start":{"line":150,"column":0},"end":{"line":150,"column":81}},"150":{"start":{"line":151,"column":0},"end":{"line":151,"column":135}},"151":{"start":{"line":152,"column":0},"end":{"line":152,"column":54}},"152":{"start":{"line":153,"column":0},"end":{"line":153,"column":103}},"153":{"start":{"line":154,"column":0},"end":{"line":154,"column":80}},"154":{"start":{"line":155,"column":0},"end":{"line":155,"column":5}},"155":{"start":{"line":156,"column":0},"end":{"line":156,"column":4}},"156":{"start":{"line":157,"column":0},"end":{"line":157,"column":0}},"157":{"start":{"line":158,"column":0},"end":{"line":158,"column":50}},"158":{"start":{"line":159,"column":0},"end":{"line":159,"column":40}},"159":{"start":{"line":160,"column":0},"end":{"line":160,"column":20}},"160":{"start":{"line":161,"column":0},"end":{"line":161,"column":13}},"161":{"start":{"line":162,"column":0},"end":{"line":162,"column":12}},"162":{"start":{"line":163,"column":0},"end":{"line":163,"column":49}},"163":{"start":{"line":164,"column":0},"end":{"line":164,"column":8}},"164":{"start":{"line":165,"column":0},"end":{"line":165,"column":51}},"165":{"start":{"line":166,"column":0},"end":{"line":166,"column":26}},"166":{"start":{"line":167,"column":0},"end":{"line":167,"column":16}},"167":{"start":{"line":168,"column":0},"end":{"line":168,"column":73}},"168":{"start":{"line":169,"column":0},"end":{"line":169,"column":76}},"169":{"start":{"line":170,"column":0},"end":{"line":170,"column":59}},"170":{"start":{"line":171,"column":0},"end":{"line":171,"column":16}},"171":{"start":{"line":172,"column":0},"end":{"line":172,"column":4}},"172":{"start":{"line":173,"column":0},"end":{"line":173,"column":2}},"173":{"start":{"line":174,"column":0},"end":{"line":174,"column":61}},"174":{"start":{"line":175,"column":0},"end":{"line":175,"column":61}},"175":{"start":{"line":176,"column":0},"end":{"line":176,"column":50}},"176":{"start":{"line":177,"column":0},"end":{"line":177,"column":67}},"177":{"start":{"line":178,"column":0},"end":{"line":178,"column":52}},"178":{"start":{"line":179,"column":0},"end":{"line":179,"column":4}},"179":{"start":{"line":180,"column":0},"end":{"line":180,"column":0}},"180":{"start":{"line":181,"column":0},"end":{"line":181,"column":14}},"181":{"start":{"line":182,"column":0},"end":{"line":182,"column":31}},"182":{"start":{"line":183,"column":0},"end":{"line":183,"column":22}},"183":{"start":{"line":184,"column":0},"end":{"line":184,"column":28}},"184":{"start":{"line":185,"column":0},"end":{"line":185,"column":30}},"185":{"start":{"line":186,"column":0},"end":{"line":186,"column":29}},"186":{"start":{"line":187,"column":0},"end":{"line":187,"column":16}},"187":{"start":{"line":188,"column":0},"end":{"line":188,"column":17}},"188":{"start":{"line":189,"column":0},"end":{"line":189,"column":23}},"189":{"start":{"line":190,"column":0},"end":{"line":190,"column":56}},"190":{"start":{"line":191,"column":0},"end":{"line":191,"column":24}},"191":{"start":{"line":192,"column":0},"end":{"line":192,"column":39}},"192":{"start":{"line":193,"column":0},"end":{"line":193,"column":53}},"193":{"start":{"line":194,"column":0},"end":{"line":194,"column":54}},"194":{"start":{"line":195,"column":0},"end":{"line":195,"column":37}},"195":{"start":{"line":196,"column":0},"end":{"line":196,"column":4}},"196":{"start":{"line":197,"column":0},"end":{"line":197,"column":25}},"197":{"start":{"line":198,"column":0},"end":{"line":198,"column":22}},"198":{"start":{"line":199,"column":0},"end":{"line":199,"column":50}},"199":{"start":{"line":200,"column":0},"end":{"line":200,"column":79}},"200":{"start":{"line":201,"column":0},"end":{"line":201,"column":39}},"201":{"start":{"line":202,"column":0},"end":{"line":202,"column":46}},"202":{"start":{"line":203,"column":0},"end":{"line":203,"column":100}},"203":{"start":{"line":204,"column":0},"end":{"line":204,"column":7}},"204":{"start":{"line":205,"column":0},"end":{"line":205,"column":21}},"205":{"start":{"line":206,"column":0},"end":{"line":206,"column":7}},"206":{"start":{"line":207,"column":0},"end":{"line":207,"column":4}},"207":{"start":{"line":208,"column":0},"end":{"line":208,"column":10}},"208":{"start":{"line":209,"column":0},"end":{"line":209,"column":92}},"209":{"start":{"line":210,"column":0},"end":{"line":210,"column":72}},"210":{"start":{"line":211,"column":0},"end":{"line":211,"column":14}},"211":{"start":{"line":212,"column":0},"end":{"line":212,"column":65}},"212":{"start":{"line":213,"column":0},"end":{"line":213,"column":30}},"213":{"start":{"line":214,"column":0},"end":{"line":214,"column":5}},"214":{"start":{"line":215,"column":0},"end":{"line":215,"column":4}},"215":{"start":{"line":216,"column":0},"end":{"line":216,"column":0}},"216":{"start":{"line":217,"column":0},"end":{"line":217,"column":42}},"217":{"start":{"line":218,"column":0},"end":{"line":218,"column":37}},"218":{"start":{"line":219,"column":0},"end":{"line":219,"column":36}},"219":{"start":{"line":220,"column":0},"end":{"line":220,"column":14}},"220":{"start":{"line":221,"column":0},"end":{"line":221,"column":37}},"221":{"start":{"line":222,"column":0},"end":{"line":222,"column":8}},"222":{"start":{"line":223,"column":0},"end":{"line":223,"column":4}},"223":{"start":{"line":224,"column":0},"end":{"line":224,"column":0}},"224":{"start":{"line":225,"column":0},"end":{"line":225,"column":27}},"225":{"start":{"line":226,"column":0},"end":{"line":226,"column":37}},"226":{"start":{"line":227,"column":0},"end":{"line":227,"column":26}},"227":{"start":{"line":228,"column":0},"end":{"line":228,"column":23}},"228":{"start":{"line":229,"column":0},"end":{"line":229,"column":16}},"229":{"start":{"line":230,"column":0},"end":{"line":230,"column":60}},"230":{"start":{"line":231,"column":0},"end":{"line":231,"column":24}},"231":{"start":{"line":232,"column":0},"end":{"line":232,"column":15}},"232":{"start":{"line":233,"column":0},"end":{"line":233,"column":19}},"233":{"start":{"line":234,"column":0},"end":{"line":234,"column":26}},"234":{"start":{"line":235,"column":0},"end":{"line":235,"column":28}},"235":{"start":{"line":236,"column":0},"end":{"line":236,"column":7}},"236":{"start":{"line":237,"column":0},"end":{"line":237,"column":8}},"237":{"start":{"line":238,"column":0},"end":{"line":238,"column":4}},"238":{"start":{"line":239,"column":0},"end":{"line":239,"column":25}},"239":{"start":{"line":240,"column":0},"end":{"line":240,"column":22}},"240":{"start":{"line":241,"column":0},"end":{"line":241,"column":62}},"241":{"start":{"line":242,"column":0},"end":{"line":242,"column":32}},"242":{"start":{"line":243,"column":0},"end":{"line":243,"column":79}},"243":{"start":{"line":244,"column":0},"end":{"line":244,"column":39}},"244":{"start":{"line":245,"column":0},"end":{"line":245,"column":46}},"245":{"start":{"line":246,"column":0},"end":{"line":246,"column":100}},"246":{"start":{"line":247,"column":0},"end":{"line":247,"column":7}},"247":{"start":{"line":248,"column":0},"end":{"line":248,"column":21}},"248":{"start":{"line":249,"column":0},"end":{"line":249,"column":7}},"249":{"start":{"line":250,"column":0},"end":{"line":250,"column":4}},"250":{"start":{"line":251,"column":0},"end":{"line":251,"column":22}},"251":{"start":{"line":252,"column":0},"end":{"line":252,"column":79}},"252":{"start":{"line":253,"column":0},"end":{"line":253,"column":75}},"253":{"start":{"line":254,"column":0},"end":{"line":254,"column":35}},"254":{"start":{"line":255,"column":0},"end":{"line":255,"column":33}},"255":{"start":{"line":256,"column":0},"end":{"line":256,"column":12}},"256":{"start":{"line":257,"column":0},"end":{"line":257,"column":4}},"257":{"start":{"line":258,"column":0},"end":{"line":258,"column":0}},"258":{"start":{"line":259,"column":0},"end":{"line":259,"column":39}},"259":{"start":{"line":260,"column":0},"end":{"line":260,"column":39}},"260":{"start":{"line":261,"column":0},"end":{"line":261,"column":38}},"261":{"start":{"line":262,"column":0},"end":{"line":262,"column":4}},"262":{"start":{"line":263,"column":0},"end":{"line":263,"column":37}},"263":{"start":{"line":264,"column":0},"end":{"line":264,"column":54}},"264":{"start":{"line":265,"column":0},"end":{"line":265,"column":91}},"265":{"start":{"line":266,"column":0},"end":{"line":266,"column":4}},"266":{"start":{"line":267,"column":0},"end":{"line":267,"column":22}},"267":{"start":{"line":268,"column":0},"end":{"line":268,"column":56}},"268":{"start":{"line":269,"column":0},"end":{"line":269,"column":32}},"269":{"start":{"line":270,"column":0},"end":{"line":270,"column":4}},"270":{"start":{"line":271,"column":0},"end":{"line":271,"column":25}},"271":{"start":{"line":272,"column":0},"end":{"line":272,"column":22}},"272":{"start":{"line":273,"column":0},"end":{"line":273,"column":50}},"273":{"start":{"line":274,"column":0},"end":{"line":274,"column":23}},"274":{"start":{"line":275,"column":0},"end":{"line":275,"column":47}},"275":{"start":{"line":276,"column":0},"end":{"line":276,"column":7}},"276":{"start":{"line":277,"column":0},"end":{"line":277,"column":6}},"277":{"start":{"line":278,"column":0},"end":{"line":278,"column":32}},"278":{"start":{"line":279,"column":0},"end":{"line":279,"column":79}},"279":{"start":{"line":280,"column":0},"end":{"line":280,"column":39}},"280":{"start":{"line":281,"column":0},"end":{"line":281,"column":46}},"281":{"start":{"line":282,"column":0},"end":{"line":282,"column":100}},"282":{"start":{"line":283,"column":0},"end":{"line":283,"column":7}},"283":{"start":{"line":284,"column":0},"end":{"line":284,"column":6}},"284":{"start":{"line":285,"column":0},"end":{"line":285,"column":21}},"285":{"start":{"line":286,"column":0},"end":{"line":286,"column":7}},"286":{"start":{"line":287,"column":0},"end":{"line":287,"column":4}},"287":{"start":{"line":288,"column":0},"end":{"line":288,"column":20}},"288":{"start":{"line":289,"column":0},"end":{"line":289,"column":39}},"289":{"start":{"line":290,"column":0},"end":{"line":290,"column":73}},"290":{"start":{"line":291,"column":0},"end":{"line":291,"column":40}},"291":{"start":{"line":292,"column":0},"end":{"line":292,"column":61}},"292":{"start":{"line":293,"column":0},"end":{"line":293,"column":32}},"293":{"start":{"line":294,"column":0},"end":{"line":294,"column":30}},"294":{"start":{"line":295,"column":0},"end":{"line":295,"column":55}},"295":{"start":{"line":296,"column":0},"end":{"line":296,"column":32}},"296":{"start":{"line":297,"column":0},"end":{"line":297,"column":51}},"297":{"start":{"line":298,"column":0},"end":{"line":298,"column":43}},"298":{"start":{"line":299,"column":0},"end":{"line":299,"column":25}},"299":{"start":{"line":300,"column":0},"end":{"line":300,"column":6}},"300":{"start":{"line":301,"column":0},"end":{"line":301,"column":41}},"301":{"start":{"line":302,"column":0},"end":{"line":302,"column":24}},"302":{"start":{"line":303,"column":0},"end":{"line":303,"column":71}},"303":{"start":{"line":304,"column":0},"end":{"line":304,"column":81}},"304":{"start":{"line":305,"column":0},"end":{"line":305,"column":41}},"305":{"start":{"line":306,"column":0},"end":{"line":306,"column":48}},"306":{"start":{"line":307,"column":0},"end":{"line":307,"column":102}},"307":{"start":{"line":308,"column":0},"end":{"line":308,"column":9}},"308":{"start":{"line":309,"column":0},"end":{"line":309,"column":23}},"309":{"start":{"line":310,"column":0},"end":{"line":310,"column":9}},"310":{"start":{"line":311,"column":0},"end":{"line":311,"column":6}},"311":{"start":{"line":312,"column":0},"end":{"line":312,"column":29}},"312":{"start":{"line":313,"column":0},"end":{"line":313,"column":40}},"313":{"start":{"line":314,"column":0},"end":{"line":314,"column":30}},"314":{"start":{"line":315,"column":0},"end":{"line":315,"column":41}},"315":{"start":{"line":316,"column":0},"end":{"line":316,"column":36}},"316":{"start":{"line":317,"column":0},"end":{"line":317,"column":28}},"317":{"start":{"line":318,"column":0},"end":{"line":318,"column":30}},"318":{"start":{"line":319,"column":0},"end":{"line":319,"column":33}},"319":{"start":{"line":320,"column":0},"end":{"line":320,"column":39}},"320":{"start":{"line":321,"column":0},"end":{"line":321,"column":18}},"321":{"start":{"line":322,"column":0},"end":{"line":322,"column":16}},"322":{"start":{"line":323,"column":0},"end":{"line":323,"column":47}},"323":{"start":{"line":324,"column":0},"end":{"line":324,"column":36}},"324":{"start":{"line":325,"column":0},"end":{"line":325,"column":29}},"325":{"start":{"line":326,"column":0},"end":{"line":326,"column":29}},"326":{"start":{"line":327,"column":0},"end":{"line":327,"column":30}},"327":{"start":{"line":328,"column":0},"end":{"line":328,"column":31}},"328":{"start":{"line":329,"column":0},"end":{"line":329,"column":33}},"329":{"start":{"line":330,"column":0},"end":{"line":330,"column":12}},"330":{"start":{"line":331,"column":0},"end":{"line":331,"column":30}},"331":{"start":{"line":332,"column":0},"end":{"line":332,"column":30}},"332":{"start":{"line":333,"column":0},"end":{"line":333,"column":72}},"333":{"start":{"line":334,"column":0},"end":{"line":334,"column":38}},"334":{"start":{"line":335,"column":0},"end":{"line":335,"column":32}},"335":{"start":{"line":336,"column":0},"end":{"line":336,"column":43}},"336":{"start":{"line":337,"column":0},"end":{"line":337,"column":41}},"337":{"start":{"line":338,"column":0},"end":{"line":338,"column":49}},"338":{"start":{"line":339,"column":0},"end":{"line":339,"column":104}},"339":{"start":{"line":340,"column":0},"end":{"line":340,"column":83}},"340":{"start":{"line":341,"column":0},"end":{"line":341,"column":23}},"341":{"start":{"line":342,"column":0},"end":{"line":342,"column":20}},"342":{"start":{"line":343,"column":0},"end":{"line":343,"column":11}},"343":{"start":{"line":344,"column":0},"end":{"line":344,"column":9}},"344":{"start":{"line":345,"column":0},"end":{"line":345,"column":25}},"345":{"start":{"line":346,"column":0},"end":{"line":346,"column":9}},"346":{"start":{"line":347,"column":0},"end":{"line":347,"column":12}},"347":{"start":{"line":348,"column":0},"end":{"line":348,"column":39}},"348":{"start":{"line":349,"column":0},"end":{"line":349,"column":60}},"349":{"start":{"line":350,"column":0},"end":{"line":350,"column":40}},"350":{"start":{"line":351,"column":0},"end":{"line":351,"column":31}},"351":{"start":{"line":352,"column":0},"end":{"line":352,"column":30}},"352":{"start":{"line":353,"column":0},"end":{"line":353,"column":24}},"353":{"start":{"line":354,"column":0},"end":{"line":354,"column":25}},"354":{"start":{"line":355,"column":0},"end":{"line":355,"column":30}},"355":{"start":{"line":356,"column":0},"end":{"line":356,"column":24}},"356":{"start":{"line":357,"column":0},"end":{"line":357,"column":30}},"357":{"start":{"line":358,"column":0},"end":{"line":358,"column":40}},"358":{"start":{"line":359,"column":0},"end":{"line":359,"column":34}},"359":{"start":{"line":360,"column":0},"end":{"line":360,"column":81}},"360":{"start":{"line":361,"column":0},"end":{"line":361,"column":113}},"361":{"start":{"line":362,"column":0},"end":{"line":362,"column":15}},"362":{"start":{"line":363,"column":0},"end":{"line":363,"column":20}},"363":{"start":{"line":364,"column":0},"end":{"line":364,"column":16}},"364":{"start":{"line":365,"column":0},"end":{"line":365,"column":31}},"365":{"start":{"line":366,"column":0},"end":{"line":366,"column":41}},"366":{"start":{"line":367,"column":0},"end":{"line":367,"column":39}},"367":{"start":{"line":368,"column":0},"end":{"line":368,"column":21}},"368":{"start":{"line":369,"column":0},"end":{"line":369,"column":9}},"369":{"start":{"line":370,"column":0},"end":{"line":370,"column":20}},"370":{"start":{"line":371,"column":0},"end":{"line":371,"column":9}},"371":{"start":{"line":372,"column":0},"end":{"line":372,"column":5}},"372":{"start":{"line":373,"column":0},"end":{"line":373,"column":4}},"373":{"start":{"line":374,"column":0},"end":{"line":374,"column":2}},"374":{"start":{"line":375,"column":0},"end":{"line":375,"column":28}},"375":{"start":{"line":376,"column":0},"end":{"line":376,"column":25}},"376":{"start":{"line":377,"column":0},"end":{"line":377,"column":42}},"377":{"start":{"line":378,"column":0},"end":{"line":378,"column":22}},"378":{"start":{"line":379,"column":0},"end":{"line":379,"column":26}},"379":{"start":{"line":380,"column":0},"end":{"line":380,"column":26}},"380":{"start":{"line":381,"column":0},"end":{"line":381,"column":69}},"381":{"start":{"line":382,"column":0},"end":{"line":382,"column":14}},"382":{"start":{"line":383,"column":0},"end":{"line":383,"column":30}},"383":{"start":{"line":384,"column":0},"end":{"line":384,"column":69}},"384":{"start":{"line":385,"column":0},"end":{"line":385,"column":14}},"385":{"start":{"line":386,"column":0},"end":{"line":386,"column":29}},"386":{"start":{"line":387,"column":0},"end":{"line":387,"column":72}},"387":{"start":{"line":388,"column":0},"end":{"line":388,"column":76}},"388":{"start":{"line":389,"column":0},"end":{"line":389,"column":86}},"389":{"start":{"line":390,"column":0},"end":{"line":390,"column":14}},"390":{"start":{"line":391,"column":0},"end":{"line":391,"column":7}},"391":{"start":{"line":392,"column":0},"end":{"line":392,"column":21}},"392":{"start":{"line":393,"column":0},"end":{"line":393,"column":60}},"393":{"start":{"line":394,"column":0},"end":{"line":394,"column":14}},"394":{"start":{"line":395,"column":0},"end":{"line":395,"column":25}},"395":{"start":{"line":396,"column":0},"end":{"line":396,"column":64}},"396":{"start":{"line":397,"column":0},"end":{"line":397,"column":14}},"397":{"start":{"line":398,"column":0},"end":{"line":398,"column":28}},"398":{"start":{"line":399,"column":0},"end":{"line":399,"column":87}},"399":{"start":{"line":400,"column":0},"end":{"line":400,"column":14}},"400":{"start":{"line":401,"column":0},"end":{"line":401,"column":23}},"401":{"start":{"line":402,"column":0},"end":{"line":402,"column":73}},"402":{"start":{"line":403,"column":0},"end":{"line":403,"column":14}},"403":{"start":{"line":404,"column":0},"end":{"line":404,"column":24}},"404":{"start":{"line":405,"column":0},"end":{"line":405,"column":49}},"405":{"start":{"line":406,"column":0},"end":{"line":406,"column":14}},"406":{"start":{"line":407,"column":0},"end":{"line":407,"column":29}},"407":{"start":{"line":408,"column":0},"end":{"line":408,"column":64}},"408":{"start":{"line":409,"column":0},"end":{"line":409,"column":14}},"409":{"start":{"line":410,"column":0},"end":{"line":410,"column":14}},"410":{"start":{"line":411,"column":0},"end":{"line":411,"column":34}},"411":{"start":{"line":412,"column":0},"end":{"line":412,"column":5}},"412":{"start":{"line":413,"column":0},"end":{"line":413,"column":33}},"413":{"start":{"line":414,"column":0},"end":{"line":414,"column":28}},"414":{"start":{"line":415,"column":0},"end":{"line":415,"column":31}},"415":{"start":{"line":416,"column":0},"end":{"line":416,"column":22}},"416":{"start":{"line":417,"column":0},"end":{"line":417,"column":32}},"417":{"start":{"line":418,"column":0},"end":{"line":418,"column":31}},"418":{"start":{"line":419,"column":0},"end":{"line":419,"column":13}},"419":{"start":{"line":420,"column":0},"end":{"line":420,"column":4}},"420":{"start":{"line":421,"column":0},"end":{"line":421,"column":0}},"421":{"start":{"line":422,"column":0},"end":{"line":422,"column":27}},"422":{"start":{"line":423,"column":0},"end":{"line":423,"column":75}},"423":{"start":{"line":424,"column":0},"end":{"line":424,"column":42}},"424":{"start":{"line":425,"column":0},"end":{"line":425,"column":34}},"425":{"start":{"line":426,"column":0},"end":{"line":426,"column":5}},"426":{"start":{"line":427,"column":0},"end":{"line":427,"column":4}},"427":{"start":{"line":428,"column":0},"end":{"line":428,"column":2}},"428":{"start":{"line":429,"column":0},"end":{"line":429,"column":34}},"429":{"start":{"line":430,"column":0},"end":{"line":430,"column":28}},"430":{"start":{"line":431,"column":0},"end":{"line":431,"column":4}},"431":{"start":{"line":432,"column":0},"end":{"line":432,"column":0}},"432":{"start":{"line":433,"column":0},"end":{"line":433,"column":14}},"433":{"start":{"line":434,"column":0},"end":{"line":434,"column":41}},"434":{"start":{"line":435,"column":0},"end":{"line":435,"column":109}},"435":{"start":{"line":436,"column":0},"end":{"line":436,"column":62}},"436":{"start":{"line":437,"column":0},"end":{"line":437,"column":77}},"437":{"start":{"line":438,"column":0},"end":{"line":438,"column":67}},"438":{"start":{"line":439,"column":0},"end":{"line":439,"column":213}},"439":{"start":{"line":440,"column":0},"end":{"line":440,"column":27}},"440":{"start":{"line":441,"column":0},"end":{"line":441,"column":17}},"441":{"start":{"line":442,"column":0},"end":{"line":442,"column":10}},"442":{"start":{"line":443,"column":0},"end":{"line":443,"column":4}},"443":{"start":{"line":444,"column":0},"end":{"line":444,"column":0}},"444":{"start":{"line":445,"column":0},"end":{"line":445,"column":36}},"445":{"start":{"line":446,"column":0},"end":{"line":446,"column":150}},"446":{"start":{"line":447,"column":0},"end":{"line":447,"column":82}},"447":{"start":{"line":448,"column":0},"end":{"line":448,"column":218}},"448":{"start":{"line":449,"column":0},"end":{"line":449,"column":59}},"449":{"start":{"line":450,"column":0},"end":{"line":450,"column":62}},"450":{"start":{"line":451,"column":0},"end":{"line":451,"column":137}},"451":{"start":{"line":452,"column":0},"end":{"line":452,"column":92}},"452":{"start":{"line":453,"column":0},"end":{"line":453,"column":18}},"453":{"start":{"line":454,"column":0},"end":{"line":454,"column":36}},"454":{"start":{"line":455,"column":0},"end":{"line":455,"column":64}},"455":{"start":{"line":456,"column":0},"end":{"line":456,"column":62}},"456":{"start":{"line":457,"column":0},"end":{"line":457,"column":104}},"457":{"start":{"line":458,"column":0},"end":{"line":458,"column":101}},"458":{"start":{"line":459,"column":0},"end":{"line":459,"column":20}},"459":{"start":{"line":460,"column":0},"end":{"line":460,"column":14}},"460":{"start":{"line":461,"column":0},"end":{"line":461,"column":15}},"461":{"start":{"line":462,"column":0},"end":{"line":462,"column":59}},"462":{"start":{"line":463,"column":0},"end":{"line":463,"column":49}},"463":{"start":{"line":464,"column":0},"end":{"line":464,"column":21}},"464":{"start":{"line":465,"column":0},"end":{"line":465,"column":57}},"465":{"start":{"line":466,"column":0},"end":{"line":466,"column":138}},"466":{"start":{"line":467,"column":0},"end":{"line":467,"column":89}},"467":{"start":{"line":468,"column":0},"end":{"line":468,"column":44}},"468":{"start":{"line":469,"column":0},"end":{"line":469,"column":15}},"469":{"start":{"line":470,"column":0},"end":{"line":470,"column":51}},"470":{"start":{"line":471,"column":0},"end":{"line":471,"column":104}},"471":{"start":{"line":472,"column":0},"end":{"line":472,"column":23}},"472":{"start":{"line":473,"column":0},"end":{"line":473,"column":14}},"473":{"start":{"line":474,"column":0},"end":{"line":474,"column":21}},"474":{"start":{"line":475,"column":0},"end":{"line":475,"column":50}},"475":{"start":{"line":476,"column":0},"end":{"line":476,"column":45}},"476":{"start":{"line":477,"column":0},"end":{"line":477,"column":123}},"477":{"start":{"line":478,"column":0},"end":{"line":478,"column":33}},"478":{"start":{"line":479,"column":0},"end":{"line":479,"column":14}},"479":{"start":{"line":480,"column":0},"end":{"line":480,"column":64}},"480":{"start":{"line":481,"column":0},"end":{"line":481,"column":22}},"481":{"start":{"line":482,"column":0},"end":{"line":482,"column":21}},"482":{"start":{"line":483,"column":0},"end":{"line":483,"column":62}},"483":{"start":{"line":484,"column":0},"end":{"line":484,"column":84}},"484":{"start":{"line":485,"column":0},"end":{"line":485,"column":158}},"485":{"start":{"line":486,"column":0},"end":{"line":486,"column":14}},"486":{"start":{"line":487,"column":0},"end":{"line":487,"column":128}},"487":{"start":{"line":488,"column":0},"end":{"line":488,"column":22}},"488":{"start":{"line":489,"column":0},"end":{"line":489,"column":21}},"489":{"start":{"line":490,"column":0},"end":{"line":490,"column":35}},"490":{"start":{"line":491,"column":0},"end":{"line":491,"column":56}},"491":{"start":{"line":492,"column":0},"end":{"line":492,"column":144}},"492":{"start":{"line":493,"column":0},"end":{"line":493,"column":61}},"493":{"start":{"line":494,"column":0},"end":{"line":494,"column":22}},"494":{"start":{"line":495,"column":0},"end":{"line":495,"column":15}},"495":{"start":{"line":496,"column":0},"end":{"line":496,"column":12}},"496":{"start":{"line":497,"column":0},"end":{"line":497,"column":6}},"497":{"start":{"line":498,"column":0},"end":{"line":498,"column":21}},"498":{"start":{"line":499,"column":0},"end":{"line":499,"column":20}},"499":{"start":{"line":500,"column":0},"end":{"line":500,"column":24}},"500":{"start":{"line":501,"column":0},"end":{"line":501,"column":53}},"501":{"start":{"line":502,"column":0},"end":{"line":502,"column":46}},"502":{"start":{"line":503,"column":0},"end":{"line":503,"column":10}},"503":{"start":{"line":504,"column":0},"end":{"line":504,"column":8}},"504":{"start":{"line":505,"column":0},"end":{"line":505,"column":6}},"505":{"start":{"line":506,"column":0},"end":{"line":506,"column":28}},"506":{"start":{"line":507,"column":0},"end":{"line":507,"column":26}},"507":{"start":{"line":508,"column":0},"end":{"line":508,"column":53}},"508":{"start":{"line":509,"column":0},"end":{"line":509,"column":52}},"509":{"start":{"line":510,"column":0},"end":{"line":510,"column":10}},"510":{"start":{"line":511,"column":0},"end":{"line":511,"column":8}},"511":{"start":{"line":512,"column":0},"end":{"line":512,"column":6}},"512":{"start":{"line":513,"column":0},"end":{"line":513,"column":24}},"513":{"start":{"line":514,"column":0},"end":{"line":514,"column":23}},"514":{"start":{"line":515,"column":0},"end":{"line":515,"column":48}},"515":{"start":{"line":516,"column":0},"end":{"line":516,"column":37}},"516":{"start":{"line":517,"column":0},"end":{"line":517,"column":10}},"517":{"start":{"line":518,"column":0},"end":{"line":518,"column":8}},"518":{"start":{"line":519,"column":0},"end":{"line":519,"column":6}},"519":{"start":{"line":520,"column":0},"end":{"line":520,"column":84}},"520":{"start":{"line":521,"column":0},"end":{"line":521,"column":86}},"521":{"start":{"line":522,"column":0},"end":{"line":522,"column":32}},"522":{"start":{"line":523,"column":0},"end":{"line":523,"column":73}},"523":{"start":{"line":524,"column":0},"end":{"line":524,"column":73}},"524":{"start":{"line":525,"column":0},"end":{"line":525,"column":17}},"525":{"start":{"line":526,"column":0},"end":{"line":526,"column":167}},"526":{"start":{"line":527,"column":0},"end":{"line":527,"column":30}},"527":{"start":{"line":528,"column":0},"end":{"line":528,"column":19}},"528":{"start":{"line":529,"column":0},"end":{"line":529,"column":79}},"529":{"start":{"line":530,"column":0},"end":{"line":530,"column":140}},"530":{"start":{"line":531,"column":0},"end":{"line":531,"column":32}},"531":{"start":{"line":532,"column":0},"end":{"line":532,"column":23}},"532":{"start":{"line":533,"column":0},"end":{"line":533,"column":20}},"533":{"start":{"line":534,"column":0},"end":{"line":534,"column":18}},"534":{"start":{"line":535,"column":0},"end":{"line":535,"column":16}},"535":{"start":{"line":536,"column":0},"end":{"line":536,"column":100}},"536":{"start":{"line":537,"column":0},"end":{"line":537,"column":35}},"537":{"start":{"line":538,"column":0},"end":{"line":538,"column":64}},"538":{"start":{"line":539,"column":0},"end":{"line":539,"column":69}},"539":{"start":{"line":540,"column":0},"end":{"line":540,"column":14}},"540":{"start":{"line":541,"column":0},"end":{"line":541,"column":34}},"541":{"start":{"line":542,"column":0},"end":{"line":542,"column":68}},"542":{"start":{"line":543,"column":0},"end":{"line":543,"column":64}},"543":{"start":{"line":544,"column":0},"end":{"line":544,"column":107}},"544":{"start":{"line":545,"column":0},"end":{"line":545,"column":35}},"545":{"start":{"line":546,"column":0},"end":{"line":546,"column":23}},"546":{"start":{"line":547,"column":0},"end":{"line":547,"column":16}},"547":{"start":{"line":548,"column":0},"end":{"line":548,"column":65}},"548":{"start":{"line":549,"column":0},"end":{"line":549,"column":107}},"549":{"start":{"line":550,"column":0},"end":{"line":550,"column":37}},"550":{"start":{"line":551,"column":0},"end":{"line":551,"column":23}},"551":{"start":{"line":552,"column":0},"end":{"line":552,"column":16}},"552":{"start":{"line":553,"column":0},"end":{"line":553,"column":41}},"553":{"start":{"line":554,"column":0},"end":{"line":554,"column":135}},"554":{"start":{"line":555,"column":0},"end":{"line":555,"column":36}},"555":{"start":{"line":556,"column":0},"end":{"line":556,"column":23}},"556":{"start":{"line":557,"column":0},"end":{"line":557,"column":16}},"557":{"start":{"line":558,"column":0},"end":{"line":558,"column":18}},"558":{"start":{"line":559,"column":0},"end":{"line":559,"column":12}},"559":{"start":{"line":560,"column":0},"end":{"line":560,"column":14}},"560":{"start":{"line":561,"column":0},"end":{"line":561,"column":15}},"561":{"start":{"line":562,"column":0},"end":{"line":562,"column":47}},"562":{"start":{"line":563,"column":0},"end":{"line":563,"column":165}},"563":{"start":{"line":564,"column":0},"end":{"line":564,"column":37}},"564":{"start":{"line":565,"column":0},"end":{"line":565,"column":9}},"565":{"start":{"line":566,"column":0},"end":{"line":566,"column":18}},"566":{"start":{"line":567,"column":0},"end":{"line":567,"column":17}},"567":{"start":{"line":568,"column":0},"end":{"line":568,"column":12}},"568":{"start":{"line":569,"column":0},"end":{"line":569,"column":76}},"569":{"start":{"line":570,"column":0},"end":{"line":570,"column":72}},"570":{"start":{"line":571,"column":0},"end":{"line":571,"column":43}},"571":{"start":{"line":572,"column":0},"end":{"line":572,"column":17}},"572":{"start":{"line":573,"column":0},"end":{"line":573,"column":22}},"573":{"start":{"line":574,"column":0},"end":{"line":574,"column":44}},"574":{"start":{"line":575,"column":0},"end":{"line":575,"column":24}},"575":{"start":{"line":576,"column":0},"end":{"line":576,"column":127}},"576":{"start":{"line":577,"column":0},"end":{"line":577,"column":41}},"577":{"start":{"line":578,"column":0},"end":{"line":578,"column":33}},"578":{"start":{"line":579,"column":0},"end":{"line":579,"column":178}},"579":{"start":{"line":580,"column":0},"end":{"line":580,"column":120}},"580":{"start":{"line":581,"column":0},"end":{"line":581,"column":14}},"581":{"start":{"line":582,"column":0},"end":{"line":582,"column":11}},"582":{"start":{"line":583,"column":0},"end":{"line":583,"column":77}},"583":{"start":{"line":584,"column":0},"end":{"line":584,"column":76}},"584":{"start":{"line":585,"column":0},"end":{"line":585,"column":41}},"585":{"start":{"line":586,"column":0},"end":{"line":586,"column":69}},"586":{"start":{"line":587,"column":0},"end":{"line":587,"column":117}},"587":{"start":{"line":588,"column":0},"end":{"line":588,"column":26}},"588":{"start":{"line":589,"column":0},"end":{"line":589,"column":22}},"589":{"start":{"line":590,"column":0},"end":{"line":590,"column":20}},"590":{"start":{"line":591,"column":0},"end":{"line":591,"column":18}},"591":{"start":{"line":592,"column":0},"end":{"line":592,"column":19}},"592":{"start":{"line":593,"column":0},"end":{"line":593,"column":11}},"593":{"start":{"line":594,"column":0},"end":{"line":594,"column":12}},"594":{"start":{"line":595,"column":0},"end":{"line":595,"column":6}},"595":{"start":{"line":596,"column":0},"end":{"line":596,"column":73}},"596":{"start":{"line":597,"column":0},"end":{"line":597,"column":48}},"597":{"start":{"line":598,"column":0},"end":{"line":598,"column":174}},"598":{"start":{"line":599,"column":0},"end":{"line":599,"column":57}},"599":{"start":{"line":600,"column":0},"end":{"line":600,"column":75}},"600":{"start":{"line":601,"column":0},"end":{"line":601,"column":140}},"601":{"start":{"line":602,"column":0},"end":{"line":602,"column":17}},"602":{"start":{"line":603,"column":0},"end":{"line":603,"column":14}},"603":{"start":{"line":604,"column":0},"end":{"line":604,"column":12}},"604":{"start":{"line":605,"column":0},"end":{"line":605,"column":0}},"605":{"start":{"line":606,"column":0},"end":{"line":606,"column":39}},"606":{"start":{"line":607,"column":0},"end":{"line":607,"column":53}},"607":{"start":{"line":608,"column":0},"end":{"line":608,"column":52}},"608":{"start":{"line":609,"column":0},"end":{"line":609,"column":59}},"609":{"start":{"line":610,"column":0},"end":{"line":610,"column":34}},"610":{"start":{"line":611,"column":0},"end":{"line":611,"column":47}},"611":{"start":{"line":612,"column":0},"end":{"line":612,"column":79}},"612":{"start":{"line":613,"column":0},"end":{"line":613,"column":14}},"613":{"start":{"line":614,"column":0},"end":{"line":614,"column":10}},"614":{"start":{"line":615,"column":0},"end":{"line":615,"column":54}},"615":{"start":{"line":616,"column":0},"end":{"line":616,"column":10}},"616":{"start":{"line":617,"column":0},"end":{"line":617,"column":61}},"617":{"start":{"line":618,"column":0},"end":{"line":618,"column":10}},"618":{"start":{"line":619,"column":0},"end":{"line":619,"column":18}},"619":{"start":{"line":620,"column":0},"end":{"line":620,"column":60}},"620":{"start":{"line":621,"column":0},"end":{"line":621,"column":49}},"621":{"start":{"line":622,"column":0},"end":{"line":622,"column":44}},"622":{"start":{"line":623,"column":0},"end":{"line":623,"column":23}},"623":{"start":{"line":624,"column":0},"end":{"line":624,"column":61}},"624":{"start":{"line":625,"column":0},"end":{"line":625,"column":264}},"625":{"start":{"line":626,"column":0},"end":{"line":626,"column":17}},"626":{"start":{"line":627,"column":0},"end":{"line":627,"column":68}},"627":{"start":{"line":628,"column":0},"end":{"line":628,"column":82}},"628":{"start":{"line":629,"column":0},"end":{"line":629,"column":85}},"629":{"start":{"line":630,"column":0},"end":{"line":630,"column":37}},"630":{"start":{"line":631,"column":0},"end":{"line":631,"column":27}},"631":{"start":{"line":632,"column":0},"end":{"line":632,"column":24}},"632":{"start":{"line":633,"column":0},"end":{"line":633,"column":68}},"633":{"start":{"line":634,"column":0},"end":{"line":634,"column":128}},"634":{"start":{"line":635,"column":0},"end":{"line":635,"column":44}},"635":{"start":{"line":636,"column":0},"end":{"line":636,"column":27}},"636":{"start":{"line":637,"column":0},"end":{"line":637,"column":35}},"637":{"start":{"line":638,"column":0},"end":{"line":638,"column":84}},"638":{"start":{"line":639,"column":0},"end":{"line":639,"column":25}},"639":{"start":{"line":640,"column":0},"end":{"line":640,"column":86}},"640":{"start":{"line":641,"column":0},"end":{"line":641,"column":22}},"641":{"start":{"line":642,"column":0},"end":{"line":642,"column":24}},"642":{"start":{"line":643,"column":0},"end":{"line":643,"column":25}},"643":{"start":{"line":644,"column":0},"end":{"line":644,"column":20}},"644":{"start":{"line":645,"column":0},"end":{"line":645,"column":14}},"645":{"start":{"line":646,"column":0},"end":{"line":646,"column":58}},"646":{"start":{"line":647,"column":0},"end":{"line":647,"column":30}},"647":{"start":{"line":648,"column":0},"end":{"line":648,"column":80}},"648":{"start":{"line":649,"column":0},"end":{"line":649,"column":60}},"649":{"start":{"line":650,"column":0},"end":{"line":650,"column":61}},"650":{"start":{"line":651,"column":0},"end":{"line":651,"column":68}},"651":{"start":{"line":652,"column":0},"end":{"line":652,"column":50}},"652":{"start":{"line":653,"column":0},"end":{"line":653,"column":28}},"653":{"start":{"line":654,"column":0},"end":{"line":654,"column":31}},"654":{"start":{"line":655,"column":0},"end":{"line":655,"column":33}},"655":{"start":{"line":656,"column":0},"end":{"line":656,"column":69}},"656":{"start":{"line":657,"column":0},"end":{"line":657,"column":52}},"657":{"start":{"line":658,"column":0},"end":{"line":658,"column":54}},"658":{"start":{"line":659,"column":0},"end":{"line":659,"column":53}},"659":{"start":{"line":660,"column":0},"end":{"line":660,"column":40}},"660":{"start":{"line":661,"column":0},"end":{"line":661,"column":24}},"661":{"start":{"line":662,"column":0},"end":{"line":662,"column":22}},"662":{"start":{"line":663,"column":0},"end":{"line":663,"column":21}},"663":{"start":{"line":664,"column":0},"end":{"line":664,"column":22}},"664":{"start":{"line":665,"column":0},"end":{"line":665,"column":16}},"665":{"start":{"line":666,"column":0},"end":{"line":666,"column":18}},"666":{"start":{"line":667,"column":0},"end":{"line":667,"column":12}},"667":{"start":{"line":668,"column":0},"end":{"line":668,"column":11}},"668":{"start":{"line":669,"column":0},"end":{"line":669,"column":12}},"669":{"start":{"line":670,"column":0},"end":{"line":670,"column":10}},"670":{"start":{"line":671,"column":0},"end":{"line":671,"column":4}},"671":{"start":{"line":672,"column":0},"end":{"line":672,"column":0}},"672":{"start":{"line":673,"column":0},"end":{"line":673,"column":10}},"673":{"start":{"line":674,"column":0},"end":{"line":674,"column":130}},"674":{"start":{"line":675,"column":0},"end":{"line":675,"column":32}},"675":{"start":{"line":676,"column":0},"end":{"line":676,"column":120}},"676":{"start":{"line":677,"column":0},"end":{"line":677,"column":63}},"677":{"start":{"line":678,"column":0},"end":{"line":678,"column":131}},"678":{"start":{"line":679,"column":0},"end":{"line":679,"column":130}},"679":{"start":{"line":680,"column":0},"end":{"line":680,"column":6}},"680":{"start":{"line":681,"column":0},"end":{"line":681,"column":39}},"681":{"start":{"line":682,"column":0},"end":{"line":682,"column":23}},"682":{"start":{"line":683,"column":0},"end":{"line":683,"column":34}},"683":{"start":{"line":684,"column":0},"end":{"line":684,"column":28}},"684":{"start":{"line":685,"column":0},"end":{"line":685,"column":23}},"685":{"start":{"line":686,"column":0},"end":{"line":686,"column":51}},"686":{"start":{"line":687,"column":0},"end":{"line":687,"column":35}},"687":{"start":{"line":688,"column":0},"end":{"line":688,"column":8}},"688":{"start":{"line":689,"column":0},"end":{"line":689,"column":6}},"689":{"start":{"line":690,"column":0},"end":{"line":690,"column":167}},"690":{"start":{"line":691,"column":0},"end":{"line":691,"column":16}},"691":{"start":{"line":692,"column":0},"end":{"line":692,"column":47}},"692":{"start":{"line":693,"column":0},"end":{"line":693,"column":38}},"693":{"start":{"line":694,"column":0},"end":{"line":694,"column":124}},"694":{"start":{"line":695,"column":0},"end":{"line":695,"column":70}},"695":{"start":{"line":696,"column":0},"end":{"line":696,"column":17}},"696":{"start":{"line":697,"column":0},"end":{"line":697,"column":8}},"697":{"start":{"line":698,"column":0},"end":{"line":698,"column":69}},"698":{"start":{"line":699,"column":0},"end":{"line":699,"column":101}},"699":{"start":{"line":700,"column":0},"end":{"line":700,"column":44}},"700":{"start":{"line":701,"column":0},"end":{"line":701,"column":76}},"701":{"start":{"line":702,"column":0},"end":{"line":702,"column":108}},"702":{"start":{"line":703,"column":0},"end":{"line":703,"column":30}},"703":{"start":{"line":704,"column":0},"end":{"line":704,"column":147}},"704":{"start":{"line":705,"column":0},"end":{"line":705,"column":45}},"705":{"start":{"line":706,"column":0},"end":{"line":706,"column":26}},"706":{"start":{"line":707,"column":0},"end":{"line":707,"column":26}},"707":{"start":{"line":708,"column":0},"end":{"line":708,"column":32}},"708":{"start":{"line":709,"column":0},"end":{"line":709,"column":17}},"709":{"start":{"line":710,"column":0},"end":{"line":710,"column":16}},"710":{"start":{"line":711,"column":0},"end":{"line":711,"column":60}},"711":{"start":{"line":712,"column":0},"end":{"line":712,"column":51}},"712":{"start":{"line":713,"column":0},"end":{"line":713,"column":59}},"713":{"start":{"line":714,"column":0},"end":{"line":714,"column":16}},"714":{"start":{"line":715,"column":0},"end":{"line":715,"column":14}},"715":{"start":{"line":716,"column":0},"end":{"line":716,"column":8}},"716":{"start":{"line":717,"column":0},"end":{"line":717,"column":47}},"717":{"start":{"line":718,"column":0},"end":{"line":718,"column":42}},"718":{"start":{"line":719,"column":0},"end":{"line":719,"column":179}},"719":{"start":{"line":720,"column":0},"end":{"line":720,"column":15}},"720":{"start":{"line":721,"column":0},"end":{"line":721,"column":14}},"721":{"start":{"line":722,"column":0},"end":{"line":722,"column":12}},"722":{"start":{"line":723,"column":0},"end":{"line":723,"column":0}},"723":{"start":{"line":724,"column":0},"end":{"line":724,"column":95}},"724":{"start":{"line":725,"column":0},"end":{"line":725,"column":0}},"725":{"start":{"line":726,"column":0},"end":{"line":726,"column":90}},"726":{"start":{"line":727,"column":0},"end":{"line":727,"column":77}},"727":{"start":{"line":728,"column":0},"end":{"line":728,"column":59}},"728":{"start":{"line":729,"column":0},"end":{"line":729,"column":21}},"729":{"start":{"line":730,"column":0},"end":{"line":730,"column":64}},"730":{"start":{"line":731,"column":0},"end":{"line":731,"column":14}},"731":{"start":{"line":732,"column":0},"end":{"line":732,"column":52}},"732":{"start":{"line":733,"column":0},"end":{"line":733,"column":110}},"733":{"start":{"line":734,"column":0},"end":{"line":734,"column":15}},"734":{"start":{"line":735,"column":0},"end":{"line":735,"column":51}},"735":{"start":{"line":736,"column":0},"end":{"line":736,"column":112}},"736":{"start":{"line":737,"column":0},"end":{"line":737,"column":15}},"737":{"start":{"line":738,"column":0},"end":{"line":738,"column":47}},"738":{"start":{"line":739,"column":0},"end":{"line":739,"column":114}},"739":{"start":{"line":740,"column":0},"end":{"line":740,"column":15}},"740":{"start":{"line":741,"column":0},"end":{"line":741,"column":53}},"741":{"start":{"line":742,"column":0},"end":{"line":742,"column":114}},"742":{"start":{"line":743,"column":0},"end":{"line":743,"column":15}},"743":{"start":{"line":744,"column":0},"end":{"line":744,"column":49}},"744":{"start":{"line":745,"column":0},"end":{"line":745,"column":110}},"745":{"start":{"line":746,"column":0},"end":{"line":746,"column":15}},"746":{"start":{"line":747,"column":0},"end":{"line":747,"column":56}},"747":{"start":{"line":748,"column":0},"end":{"line":748,"column":114}},"748":{"start":{"line":749,"column":0},"end":{"line":749,"column":15}},"749":{"start":{"line":750,"column":0},"end":{"line":750,"column":50}},"750":{"start":{"line":751,"column":0},"end":{"line":751,"column":110}},"751":{"start":{"line":752,"column":0},"end":{"line":752,"column":15}},"752":{"start":{"line":753,"column":0},"end":{"line":753,"column":55}},"753":{"start":{"line":754,"column":0},"end":{"line":754,"column":116}},"754":{"start":{"line":755,"column":0},"end":{"line":755,"column":15}},"755":{"start":{"line":756,"column":0},"end":{"line":756,"column":89}},"756":{"start":{"line":757,"column":0},"end":{"line":757,"column":114}},"757":{"start":{"line":758,"column":0},"end":{"line":758,"column":15}},"758":{"start":{"line":759,"column":0},"end":{"line":759,"column":14}},"759":{"start":{"line":760,"column":0},"end":{"line":760,"column":53}},"760":{"start":{"line":761,"column":0},"end":{"line":761,"column":111}},"761":{"start":{"line":762,"column":0},"end":{"line":762,"column":17}},"762":{"start":{"line":763,"column":0},"end":{"line":763,"column":12}},"763":{"start":{"line":764,"column":0},"end":{"line":764,"column":71}},"764":{"start":{"line":765,"column":0},"end":{"line":765,"column":26}},"765":{"start":{"line":766,"column":0},"end":{"line":766,"column":26}},"766":{"start":{"line":767,"column":0},"end":{"line":767,"column":36}},"767":{"start":{"line":768,"column":0},"end":{"line":768,"column":43}},"768":{"start":{"line":769,"column":0},"end":{"line":769,"column":32}},"769":{"start":{"line":770,"column":0},"end":{"line":770,"column":16}},"770":{"start":{"line":771,"column":0},"end":{"line":771,"column":14}},"771":{"start":{"line":772,"column":0},"end":{"line":772,"column":12}},"772":{"start":{"line":773,"column":0},"end":{"line":773,"column":98}},"773":{"start":{"line":774,"column":0},"end":{"line":774,"column":58}},"774":{"start":{"line":775,"column":0},"end":{"line":775,"column":27}},"775":{"start":{"line":776,"column":0},"end":{"line":776,"column":56}},"776":{"start":{"line":777,"column":0},"end":{"line":777,"column":57}},"777":{"start":{"line":778,"column":0},"end":{"line":778,"column":16}},"778":{"start":{"line":779,"column":0},"end":{"line":779,"column":14}},"779":{"start":{"line":780,"column":0},"end":{"line":780,"column":16}},"780":{"start":{"line":781,"column":0},"end":{"line":781,"column":10}},"781":{"start":{"line":782,"column":0},"end":{"line":782,"column":12}},"782":{"start":{"line":783,"column":0},"end":{"line":783,"column":0}},"783":{"start":{"line":784,"column":0},"end":{"line":784,"column":15}},"784":{"start":{"line":785,"column":0},"end":{"line":785,"column":59}},"785":{"start":{"line":786,"column":0},"end":{"line":786,"column":98}},"786":{"start":{"line":787,"column":0},"end":{"line":787,"column":78}},"787":{"start":{"line":788,"column":0},"end":{"line":788,"column":102}},"788":{"start":{"line":789,"column":0},"end":{"line":789,"column":34}},"789":{"start":{"line":790,"column":0},"end":{"line":790,"column":58}},"790":{"start":{"line":791,"column":0},"end":{"line":791,"column":60}},"791":{"start":{"line":792,"column":0},"end":{"line":792,"column":9}},"792":{"start":{"line":793,"column":0},"end":{"line":793,"column":33}},"793":{"start":{"line":794,"column":0},"end":{"line":794,"column":62}},"794":{"start":{"line":795,"column":0},"end":{"line":795,"column":67}},"795":{"start":{"line":796,"column":0},"end":{"line":796,"column":66}},"796":{"start":{"line":797,"column":0},"end":{"line":797,"column":9}},"797":{"start":{"line":798,"column":0},"end":{"line":798,"column":72}},"798":{"start":{"line":799,"column":0},"end":{"line":799,"column":16}},"799":{"start":{"line":800,"column":0},"end":{"line":800,"column":10}},"800":{"start":{"line":801,"column":0},"end":{"line":801,"column":4}},"801":{"start":{"line":802,"column":0},"end":{"line":802,"column":2}},"802":{"start":{"line":803,"column":0},"end":{"line":803,"column":0}},"803":{"start":{"line":804,"column":0},"end":{"line":804,"column":30}}},"s":{"0":0,"1":0,"2":0,"3":0,"4":0,"5":0,"6":0,"7":0,"8":0,"9":0,"10":0,"11":0,"12":0,"13":0,"14":0,"15":0,"16":0,"17":0,"18":0,"19":0,"20":0,"21":0,"22":0,"23":0,"24":0,"25":0,"26":0,"27":0,"28":0,"29":0,"30":0,"31":0,"32":0,"33":0,"34":0,"35":0,"36":0,"37":0,"38":0,"39":0,"40":0,"41":0,"42":0,"43":0,"44":0,"45":0,"46":0,"47":0,"48":0,"49":0,"50":0,"51":0,"52":0,"53":0,"54":0,"55":0,"56":0,"57":0,"58":0,"59":0,"60":0,"61":0,"62":0,"63":0,"64":0,"65":0,"66":0,"67":0,"68":0,"69":0,"70":0,"71":0,"72":0,"73":0,"74":0,"75":0,"76":0,"77":0,"78":0,"79":0,"80":0,"81":0,"82":0,"83":0,"84":0,"85":0,"86":0,"87":0,"88":0,"89":0,"90":0,"91":0,"92":0,"93":0,"94":0,"95":0,"96":0,"97":0,"98":0,"99":0,"100":0,"101":0,"102":0,"103":0,"104":0,"105":0,"106":0,"107":0,"108":0,"109":0,"110":0,"111":0,"112":0,"113":0,"114":0,"115":0,"116":0,"117":0,"118":0,"119":0,"120":0,"121":0,"122":0,"123":0,"124":0,"125":0,"126":0,"127":0,"128":0,"129":0,"130":0,"131":0,"132":0,"133":0,"134":0,"135":0,"136":0,"137":0,"138":0,"139":0,"140":0,"141":0,"142":0,"143":0,"144":0,"145":0,"146":0,"147":0,"148":0,"149":0,"150":0,"151":0,"152":0,"153":0,"154":0,"155":0,"156":0,"157":0,"158":0,"159":0,"160":0,"161":0,"162":0,"163":0,"164":0,"165":0,"166":0,"167":0,"168":0,"169":0,"170":0,"171":0,"172":0,"173":0,"174":0,"175":0,"176":0,"177":0,"178":0,"179":0,"180":0,"181":0,"182":0,"183":0,"184":0,"185":0,"186":0,"187":0,"188":0,"189":0,"190":0,"191":0,"192":0,"193":0,"194":0,"195":0,"196":0,"197":0,"198":0,"199":0,"200":0,"201":0,"202":0,"203":0,"204":0,"205":0,"206":0,"207":0,"208":0,"209":0,"210":0,"211":0,"212":0,"213":0,"214":0,"215":0,"216":0,"217":0,"218":0,"219":0,"220":0,"221":0,"222":0,"223":0,"224":0,"225":0,"226":0,"227":0,"228":0,"229":0,"230":0,"231":0,"232":0,"233":0,"234":0,"235":0,"236":0,"237":0,"238":0,"239":0,"240":0,"241":0,"242":0,"243":0,"244":0,"245":0,"246":0,"247":0,"248":0,"249":0,"250":0,"251":0,"252":0,"253":0,"254":0,"255":0,"256":0,"257":0,"258":0,"259":0,"260":0,"261":0,"262":0,"263":0,"264":0,"265":0,"266":0,"267":0,"268":0,"269":0,"270":0,"271":0,"272":0,"273":0,"274":0,"275":0,"276":0,"277":0,"278":0,"279":0,"280":0,"281":0,"282":0,"283":0,"284":0,"285":0,"286":0,"287":0,"288":0,"289":0,"290":0,"291":0,"292":0,"293":0,"294":0,"295":0,"296":0,"297":0,"298":0,"299":0,"300":0,"301":0,"302":0,"303":0,"304":0,"305":0,"306":0,"307":0,"308":0,"309":0,"310":0,"311":0,"312":0,"313":0,"314":0,"315":0,"316":0,"317":0,"318":0,"319":0,"320":0,"321":0,"322":0,"323":0,"324":0,"325":0,"326":0,"327":0,"328":0,"329":0,"330":0,"331":0,"332":0,"333":0,"334":0,"335":0,"336":0,"337":0,"338":0,"339":0,"340":0,"341":0,"342":0,"343":0,"344":0,"345":0,"346":0,"347":0,"348":0,"349":0,"350":0,"351":0,"352":0,"353":0,"354":0,"355":0,"356":0,"357":0,"358":0,"359":0,"360":0,"361":0,"362":0,"363":0,"364":0,"365":0,"366":0,"367":0,"368":0,"369":0,"370":0,"371":0,"372":0,"373":0,"374":0,"375":0,"376":0,"377":0,"378":0,"379":0,"380":0,"381":0,"382":0,"383":0,"384":0,"385":0,"386":0,"387":0,"388":0,"389":0,"390":0,"391":0,"392":0,"393":0,"394":0,"395":0,"396":0,"397":0,"398":0,"399":0,"400":0,"401":0,"402":0,"403":0,"404":0,"405":0,"406":0,"407":0,"408":0,"409":0,"410":0,"411":0,"412":0,"413":0,"414":0,"415":0,"416":0,"417":0,"418":0,"419":0,"420":0,"421":0,"422":0,"423":0,"424":0,"425":0,"426":0,"427":0,"428":0,"429":0,"430":0,"431":0,"432":0,"433":0,"434":0,"435":0,"436":0,"437":0,"438":0,"439":0,"440":0,"441":0,"442":0,"443":0,"444":0,"445":0,"446":0,"447":0,"448":0,"449":0,"450":0,"451":0,"452":0,"453":0,"454":0,"455":0,"456":0,"457":0,"458":0,"459":0,"460":0,"461":0,"462":0,"463":0,"464":0,"465":0,"466":0,"467":0,"468":0,"469":0,"470":0,"471":0,"472":0,"473":0,"474":0,"475":0,"476":0,"477":0,"478":0,"479":0,"480":0,"481":0,"482":0,"483":0,"484":0,"485":0,"486":0,"487":0,"488":0,"489":0,"490":0,"491":0,"492":0,"493":0,"494":0,"495":0,"496":0,"497":0,"498":0,"499":0,"500":0,"501":0,"502":0,"503":0,"504":0,"505":0,"506":0,"507":0,"508":0,"509":0,"510":0,"511":0,"512":0,"513":0,"514":0,"515":0,"516":0,"517":0,"518":0,"519":0,"520":0,"521":0,"522":0,"523":0,"524":0,"525":0,"526":0,"527":0,"528":0,"529":0,"530":0,"531":0,"532":0,"533":0,"534":0,"535":0,"536":0,"537":0,"538":0,"539":0,"540":0,"541":0,"542":0,"543":0,"544":0,"545":0,"546":0,"547":0,"548":0,"549":0,"550":0,"551":0,"552":0,"553":0,"554":0,"555":0,"556":0,"557":0,"558":0,"559":0,"560":0,"561":0,"562":0,"563":0,"564":0,"565":0,"566":0,"567":0,"568":0,"569":0,"570":0,"571":0,"572":0,"573":0,"574":0,"575":0,"576":0,"577":0,"578":0,"579":0,"580":0,"581":0,"582":0,"583":0,"584":0,"585":0,"586":0,"587":0,"588":0,"589":0,"590":0,"591":0,"592":0,"593":0,"594":0,"595":0,"596":0,"597":0,"598":0,"599":0,"600":0,"601":0,"602":0,"603":0,"604":0,"605":0,"606":0,"607":0,"608":0,"609":0,"610":0,"611":0,"612":0,"613":0,"614":0,"615":0,"616":0,"617":0,"618":0,"619":0,"620":0,"621":0,"622":0,"623":0,"624":0,"625":0,"626":0,"627":0,"628":0,"629":0,"630":0,"631":0,"632":0,"633":0,"634":0,"635":0,"636":0,"637":0,"638":0,"639":0,"640":0,"641":0,"642":0,"643":0,"644":0,"645":0,"646":0,"647":0,"648":0,"649":0,"650":0,"651":0,"652":0,"653":0,"654":0,"655":0,"656":0,"657":0,"658":0,"659":0,"660":0,"661":0,"662":0,"663":0,"664":0,"665":0,"666":0,"667":0,"668":0,"669":0,"670":0,"671":0,"672":0,"673":0,"674":0,"675":0,"676":0,"677":0,"678":0,"679":0,"680":0,"681":0,"682":0,"683":0,"684":0,"685":0,"686":0,"687":0,"688":0,"689":0,"690":0,"691":0,"692":0,"693":0,"694":0,"695":0,"696":0,"697":0,"698":0,"699":0,"700":0,"701":0,"702":0,"703":0,"704":0,"705":0,"706":0,"707":0,"708":0,"709":0,"710":0,"711":0,"712":0,"713":0,"714":0,"715":0,"716":0,"717":0,"718":0,"719":0,"720":0,"721":0,"722":0,"723":0,"724":0,"725":0,"726":0,"727":0,"728":0,"729":0,"730":0,"731":0,"732":0,"733":0,"734":0,"735":0,"736":0,"737":0,"738":0,"739":0,"740":0,"741":0,"742":0,"743":0,"744":0,"745":0,"746":0,"747":0,"748":0,"749":0,"750":0,"751":0,"752":0,"753":0,"754":0,"755":0,"756":0,"757":0,"758":0,"759":0,"760":0,"761":0,"762":0,"763":0,"764":0,"765":0,"766":0,"767":0,"768":0,"769":0,"770":0,"771":0,"772":0,"773":0,"774":0,"775":0,"776":0,"777":0,"778":0,"779":0,"780":0,"781":0,"782":0,"783":0,"784":0,"785":0,"786":0,"787":0,"788":0,"789":0,"790":0,"791":0,"792":0,"793":0,"794":0,"795":0,"796":0,"797":0,"798":0,"799":0,"800":0,"801":0,"802":0,"803":0},"branchMap":{"0":{"type":"branch","line":1,"loc":{"start":{"line":1,"column":0},"end":{"line":804,"column":-11804}},"locations":[{"start":{"line":1,"column":0},"end":{"line":804,"column":-11804}}]}},"b":{"0":[0]},"fnMap":{"0":{"name":"(empty-report)","decl":{"start":{"line":1,"column":0},"end":{"line":804,"column":-11804}},"loc":{"start":{"line":1,"column":0},"end":{"line":804,"column":-11804}},"line":1}},"f":{"0":0}}
,"/home/runner/work/study-game/study-game/src/components/AccessibilityHelpers.jsx": {"path":"/home/runner/work/study-game/study-game/src/components/AccessibilityHelpers.jsx","all":true,"statementMap":{"0":{"start":{"line":1,"column":0},"end":{"line":1,"column":48}},"1":{"start":{"line":2,"column":0},"end":{"line":2,"column":41}},"2":{"start":{"line":3,"column":0},"end":{"line":3,"column":0}},"3":{"start":{"line":4,"column":0},"end":{"line":4,"column":29}},"4":{"start":{"line":5,"column":0},"end":{"line":5,"column":61}},"5":{"start":{"line":6,"column":0},"end":{"line":6,"column":19}},"6":{"start":{"line":7,"column":0},"end":{"line":7,"column":34}},"7":{"start":{"line":8,"column":0},"end":{"line":8,"column":43}},"8":{"start":{"line":9,"column":0},"end":{"line":9,"column":19}},"9":{"start":{"line":10,"column":0},"end":{"line":10,"column":7}},"10":{"start":{"line":11,"column":0},"end":{"line":11,"column":56}},"11":{"start":{"line":12,"column":0},"end":{"line":12,"column":18}},"12":{"start":{"line":13,"column":0},"end":{"line":13,"column":7}},"13":{"start":{"line":14,"column":0},"end":{"line":14,"column":6}},"14":{"start":{"line":15,"column":0},"end":{"line":15,"column":4}},"15":{"start":{"line":16,"column":0},"end":{"line":16,"column":54}},"16":{"start":{"line":17,"column":0},"end":{"line":17,"column":70}},"17":{"start":{"line":18,"column":0},"end":{"line":18,"column":26}},"18":{"start":{"line":19,"column":0},"end":{"line":19,"column":2}},"19":{"start":{"line":20,"column":0},"end":{"line":20,"column":0}},"20":{"start":{"line":21,"column":0},"end":{"line":21,"column":23}},"21":{"start":{"line":22,"column":0},"end":{"line":22,"column":59}},"22":{"start":{"line":23,"column":0},"end":{"line":23,"column":42}},"23":{"start":{"line":24,"column":0},"end":{"line":24,"column":2}},"24":{"start":{"line":25,"column":0},"end":{"line":25,"column":19}},"25":{"start":{"line":26,"column":0},"end":{"line":26,"column":49}},"26":{"start":{"line":27,"column":0},"end":{"line":27,"column":4}},"27":{"start":{"line":28,"column":0},"end":{"line":28,"column":68}},"28":{"start":{"line":29,"column":0},"end":{"line":29,"column":80}},"29":{"start":{"line":30,"column":0},"end":{"line":30,"column":6}},"30":{"start":{"line":31,"column":0},"end":{"line":31,"column":4}},"31":{"start":{"line":32,"column":0},"end":{"line":32,"column":46}},"32":{"start":{"line":33,"column":0},"end":{"line":33,"column":72}},"33":{"start":{"line":34,"column":0},"end":{"line":34,"column":4}},"34":{"start":{"line":35,"column":0},"end":{"line":35,"column":30}},"35":{"start":{"line":36,"column":0},"end":{"line":36,"column":34}},"36":{"start":{"line":37,"column":0},"end":{"line":37,"column":6}},"37":{"start":{"line":38,"column":0},"end":{"line":38,"column":23}},"38":{"start":{"line":39,"column":0},"end":{"line":39,"column":54}},"39":{"start":{"line":40,"column":0},"end":{"line":40,"column":29}},"40":{"start":{"line":41,"column":0},"end":{"line":41,"column":31}},"41":{"start":{"line":42,"column":0},"end":{"line":42,"column":9}},"42":{"start":{"line":43,"column":0},"end":{"line":43,"column":14}},"43":{"start":{"line":44,"column":0},"end":{"line":44,"column":53}},"44":{"start":{"line":45,"column":0},"end":{"line":45,"column":29}},"45":{"start":{"line":46,"column":0},"end":{"line":46,"column":32}},"46":{"start":{"line":47,"column":0},"end":{"line":47,"column":9}},"47":{"start":{"line":48,"column":0},"end":{"line":48,"column":7}},"48":{"start":{"line":49,"column":0},"end":{"line":49,"column":6}},"49":{"start":{"line":50,"column":0},"end":{"line":50,"column":4}},"50":{"start":{"line":51,"column":0},"end":{"line":51,"column":52}},"51":{"start":{"line":52,"column":0},"end":{"line":52,"column":26}},"52":{"start":{"line":53,"column":0},"end":{"line":53,"column":4}},"53":{"start":{"line":54,"column":0},"end":{"line":54,"column":18}},"54":{"start":{"line":55,"column":0},"end":{"line":55,"column":57}},"55":{"start":{"line":56,"column":0},"end":{"line":56,"column":6}},"56":{"start":{"line":57,"column":0},"end":{"line":57,"column":15}},"57":{"start":{"line":58,"column":0},"end":{"line":58,"column":2}},"58":{"start":{"line":59,"column":0},"end":{"line":59,"column":50}},"59":{"start":{"line":60,"column":0},"end":{"line":60,"column":2}},"60":{"start":{"line":61,"column":0},"end":{"line":61,"column":0}},"61":{"start":{"line":62,"column":0},"end":{"line":62,"column":33}},"62":{"start":{"line":63,"column":0},"end":{"line":63,"column":74}},"63":{"start":{"line":64,"column":0},"end":{"line":64,"column":10}},"64":{"start":{"line":65,"column":0},"end":{"line":65,"column":8}},"65":{"start":{"line":66,"column":0},"end":{"line":66,"column":25}},"66":{"start":{"line":67,"column":0},"end":{"line":67,"column":19}},"67":{"start":{"line":68,"column":0},"end":{"line":68,"column":26}},"68":{"start":{"line":69,"column":0},"end":{"line":69,"column":24}},"69":{"start":{"line":70,"column":0},"end":{"line":70,"column":5}},"70":{"start":{"line":71,"column":0},"end":{"line":71,"column":15}},"71":{"start":{"line":72,"column":0},"end":{"line":72,"column":10}},"72":{"start":{"line":73,"column":0},"end":{"line":73,"column":4}},"73":{"start":{"line":74,"column":0},"end":{"line":74,"column":2}},"74":{"start":{"line":75,"column":0},"end":{"line":75,"column":0}},"75":{"start":{"line":76,"column":0},"end":{"line":76,"column":23}},"76":{"start":{"line":77,"column":0},"end":{"line":77,"column":65}},"77":{"start":{"line":78,"column":0},"end":{"line":78,"column":10}},"78":{"start":{"line":79,"column":0},"end":{"line":79,"column":6}},"79":{"start":{"line":80,"column":0},"end":{"line":80,"column":27}},"80":{"start":{"line":81,"column":0},"end":{"line":81,"column":184}},"81":{"start":{"line":82,"column":0},"end":{"line":82,"column":5}},"82":{"start":{"line":83,"column":0},"end":{"line":83,"column":33}},"83":{"start":{"line":84,"column":0},"end":{"line":84,"column":8}},"84":{"start":{"line":85,"column":0},"end":{"line":85,"column":4}},"85":{"start":{"line":86,"column":0},"end":{"line":86,"column":2}}},"s":{"0":0,"1":0,"2":0,"3":0,"4":0,"5":0,"6":0,"7":0,"8":0,"9":0,"10":0,"11":0,"12":0,"13":0,"14":0,"15":0,"16":0,"17":0,"18":0,"19":0,"20":0,"21":0,"22":0,"23":0,"24":0,"25":0,"26":0,"27":0,"28":0,"29":0,"30":0,"31":0,"32":0,"33":0,"34":0,"35":0,"36":0,"37":0,"38":0,"39":0,"40":0,"41":0,"42":0,"43":0,"44":0,"45":0,"46":0,"47":0,"48":0,"49":0,"50":0,"51":0,"52":0,"53":0,"54":0,"55":0,"56":0,"57":0,"58":0,"59":0,"60":0,"61":0,"62":0,"63":0,"64":0,"65":0,"66":0,"67":0,"68":0,"69":0,"70":0,"71":0,"72":0,"73":0,"74":0,"75":0,"76":0,"77":0,"78":0,"79":0,"80":0,"81":0,"82":0,"83":0,"84":0,"85":0},"branchMap":{"0":{"type":"branch","line":1,"loc":{"start":{"line":1,"column":0},"end":{"line":86,"column":-525}},"locations":[{"start":{"line":1,"column":0},"end":{"line":86,"column":-525}}]}},"b":{"0":[0]},"fnMap":{"0":{"name":"(empty-report)","decl":{"start":{"line":1,"column":0},"end":{"line":86,"column":-525}},"loc":{"start":{"line":1,"column":0},"end":{"line":86,"column":-525}},"line":1}},"f":{"0":0}}
,"/home/runner/work/study-game/study-game/src/components/AchievementModal.jsx": {"path":"/home/runner/work/study-game/study-game/src/components/AchievementModal.jsx","all":true,"statementMap":{"0":{"start":{"line":1,"column":0},"end":{"line":1,"column":51}},"1":{"start":{"line":2,"column":0},"end":{"line":2,"column":33}},"2":{"start":{"line":3,"column":0},"end":{"line":3,"column":44}},"3":{"start":{"line":4,"column":0},"end":{"line":4,"column":0}},"4":{"start":{"line":5,"column":0},"end":{"line":5,"column":77}},"5":{"start":{"line":6,"column":0},"end":{"line":6,"column":42}},"6":{"start":{"line":7,"column":0},"end":{"line":7,"column":0}},"7":{"start":{"line":8,"column":0},"end":{"line":8,"column":19}},"8":{"start":{"line":9,"column":0},"end":{"line":9,"column":22}},"9":{"start":{"line":10,"column":0},"end":{"line":10,"column":37}},"10":{"start":{"line":11,"column":0},"end":{"line":11,"column":20}},"11":{"start":{"line":12,"column":0},"end":{"line":12,"column":38}},"12":{"start":{"line":13,"column":0},"end":{"line":13,"column":23}},"13":{"start":{"line":14,"column":0},"end":{"line":14,"column":33}},"14":{"start":{"line":15,"column":0},"end":{"line":15,"column":15}},"15":{"start":{"line":16,"column":0},"end":{"line":16,"column":39}},"16":{"start":{"line":17,"column":0},"end":{"line":17,"column":5}},"17":{"start":{"line":18,"column":0},"end":{"line":18,"column":43}},"18":{"start":{"line":19,"column":0},"end":{"line":19,"column":0}},"19":{"start":{"line":20,"column":0},"end":{"line":20,"column":41}},"20":{"start":{"line":21,"column":0},"end":{"line":21,"column":0}},"21":{"start":{"line":22,"column":0},"end":{"line":22,"column":10}},"22":{"start":{"line":23,"column":0},"end":{"line":23,"column":141}},"23":{"start":{"line":24,"column":0},"end":{"line":24,"column":201}},"24":{"start":{"line":25,"column":0},"end":{"line":25,"column":15}},"25":{"start":{"line":26,"column":0},"end":{"line":26,"column":26}},"26":{"start":{"line":27,"column":0},"end":{"line":27,"column":27}},"27":{"start":{"line":28,"column":0},"end":{"line":28,"column":22}},"28":{"start":{"line":29,"column":0},"end":{"line":29,"column":12}},"29":{"start":{"line":30,"column":0},"end":{"line":30,"column":106}},"30":{"start":{"line":31,"column":0},"end":{"line":31,"column":28}},"31":{"start":{"line":32,"column":0},"end":{"line":32,"column":9}},"32":{"start":{"line":33,"column":0},"end":{"line":33,"column":52}},"33":{"start":{"line":34,"column":0},"end":{"line":34,"column":17}},"34":{"start":{"line":35,"column":0},"end":{"line":35,"column":8}},"35":{"start":{"line":36,"column":0},"end":{"line":36,"column":178}},"36":{"start":{"line":37,"column":0},"end":{"line":37,"column":28}},"37":{"start":{"line":38,"column":0},"end":{"line":38,"column":14}},"38":{"start":{"line":39,"column":0},"end":{"line":39,"column":81}},"39":{"start":{"line":40,"column":0},"end":{"line":40,"column":88}},"40":{"start":{"line":41,"column":0},"end":{"line":41,"column":79}},"41":{"start":{"line":42,"column":0},"end":{"line":42,"column":8}},"42":{"start":{"line":43,"column":0},"end":{"line":43,"column":51}},"43":{"start":{"line":44,"column":0},"end":{"line":44,"column":40}},"44":{"start":{"line":45,"column":0},"end":{"line":45,"column":129}},"45":{"start":{"line":46,"column":0},"end":{"line":46,"column":13}},"46":{"start":{"line":47,"column":0},"end":{"line":47,"column":14}},"47":{"start":{"line":48,"column":0},"end":{"line":48,"column":12}},"48":{"start":{"line":49,"column":0},"end":{"line":49,"column":10}},"49":{"start":{"line":50,"column":0},"end":{"line":50,"column":4}},"50":{"start":{"line":51,"column":0},"end":{"line":51,"column":2}}},"s":{"0":0,"1":0,"2":0,"3":0,"4":0,"5":0,"6":0,"7":0,"8":0,"9":0,"10":0,"11":0,"12":0,"13":0,"14":0,"15":0,"16":0,"17":0,"18":0,"19":0,"20":0,"21":0,"22":0,"23":0,"24":0,"25":0,"26":0,"27":0,"28":0,"29":0,"30":0,"31":0,"32":0,"33":0,"34":0,"35":0,"36":0,"37":0,"38":0,"39":0,"40":0,"41":0,"42":0,"43":0,"44":0,"45":0,"46":0,"47":0,"48":0,"49":0,"50":0},"branchMap":{"0":{"type":"branch","line":1,"loc":{"start":{"line":1,"column":0},"end":{"line":51,"column":-792}},"locations":[{"start":{"line":1,"column":0},"end":{"line":51,"column":-792}}]}},"b":{"0":[0]},"fnMap":{"0":{"name":"(empty-report)","decl":{"start":{"line":1,"column":0},"end":{"line":51,"column":-792}},"loc":{"start":{"line":1,"column":0},"end":{"line":51,"column":-792}},"line":1}},"f":{"0":0}}
,"/home/runner/work/study-game/study-game/src/components/AchievementsModal.jsx": {"path":"/home/runner/work/study-game/study-game/src/components/AchievementsModal.jsx","all":false,"statementMap":{"0":{"start":{"line":1,"column":0},"end":{"line":1,"column":26}},"1":{"start":{"line":2,"column":0},"end":{"line":2,"column":33}},"2":{"start":{"line":3,"column":0},"end":{"line":3,"column":54}},"3":{"start":{"line":4,"column":0},"end":{"line":4,"column":0}},"4":{"start":{"line":5,"column":0},"end":{"line":5,"column":73}},"5":{"start":{"line":6,"column":0},"end":{"line":6,"column":54}},"6":{"start":{"line":7,"column":0},"end":{"line":7,"column":52}},"7":{"start":{"line":8,"column":0},"end":{"line":8,"column":0}},"8":{"start":{"line":9,"column":0},"end":{"line":9,"column":10}},"9":{"start":{"line":10,"column":0},"end":{"line":10,"column":141}},"10":{"start":{"line":11,"column":0},"end":{"line":11,"column":105}},"11":{"start":{"line":12,"column":0},"end":{"line":12,"column":64}},"12":{"start":{"line":13,"column":0},"end":{"line":13,"column":79}},"13":{"start":{"line":14,"column":0},"end":{"line":14,"column":17}},"14":{"start":{"line":15,"column":0},"end":{"line":15,"column":29}},"15":{"start":{"line":16,"column":0},"end":{"line":16,"column":90}},"16":{"start":{"line":17,"column":0},"end":{"line":17,"column":30}},"17":{"start":{"line":18,"column":0},"end":{"line":18,"column":11}},"18":{"start":{"line":19,"column":0},"end":{"line":19,"column":54}},"19":{"start":{"line":20,"column":0},"end":{"line":20,"column":19}},"20":{"start":{"line":21,"column":0},"end":{"line":21,"column":14}},"21":{"start":{"line":22,"column":0},"end":{"line":22,"column":0}},"22":{"start":{"line":23,"column":0},"end":{"line":23,"column":42}},"23":{"start":{"line":24,"column":0},"end":{"line":24,"column":68}},"24":{"start":{"line":25,"column":0},"end":{"line":25,"column":68}},"25":{"start":{"line":26,"column":0},"end":{"line":26,"column":16}},"26":{"start":{"line":27,"column":0},"end":{"line":27,"column":67}},"27":{"start":{"line":28,"column":0},"end":{"line":28,"column":14}},"28":{"start":{"line":29,"column":0},"end":{"line":29,"column":0}},"29":{"start":{"line":30,"column":0},"end":{"line":30,"column":63}},"30":{"start":{"line":31,"column":0},"end":{"line":31,"column":49}},"31":{"start":{"line":32,"column":0},"end":{"line":32,"column":63}},"32":{"start":{"line":33,"column":0},"end":{"line":33,"column":20}},"33":{"start":{"line":34,"column":0},"end":{"line":34,"column":18}},"34":{"start":{"line":35,"column":0},"end":{"line":35,"column":36}},"35":{"start":{"line":36,"column":0},"end":{"line":36,"column":28}},"36":{"start":{"line":37,"column":0},"end":{"line":37,"column":56}},"37":{"start":{"line":38,"column":0},"end":{"line":38,"column":30}},"38":{"start":{"line":39,"column":0},"end":{"line":39,"column":97}},"39":{"start":{"line":40,"column":0},"end":{"line":40,"column":63}},"40":{"start":{"line":41,"column":0},"end":{"line":41,"column":19}},"41":{"start":{"line":42,"column":0},"end":{"line":42,"column":18}},"42":{"start":{"line":43,"column":0},"end":{"line":43,"column":15}},"43":{"start":{"line":44,"column":0},"end":{"line":44,"column":56}},"44":{"start":{"line":45,"column":0},"end":{"line":45,"column":35}},"45":{"start":{"line":46,"column":0},"end":{"line":46,"column":42}},"46":{"start":{"line":47,"column":0},"end":{"line":47,"column":63}},"47":{"start":{"line":48,"column":0},"end":{"line":48,"column":21}},"48":{"start":{"line":49,"column":0},"end":{"line":49,"column":38}},"49":{"start":{"line":50,"column":0},"end":{"line":50,"co
[...]
,"/home/runner/work/study-game/study-game/src/utils/errorHandler.js": {"path":"/home/runner/work/study-game/study-game/src/utils/errorHandler.js","all":true,"statementMap":{"0":{"start":{"line":1,"column":0},"end":{"line":1,"column":57}},"1":{"start":{"line":2,"column":0},"end":{"line":2,"column":42}},"2":{"start":{"line":3,"column":0},"end":{"line":3,"column":0}},"3":{"start":{"line":4,"column":0},"end":{"line":4,"column":66}},"4":{"start":{"line":5,"column":0},"end":{"line":5,"column":22}},"5":{"start":{"line":6,"column":0},"end":{"line":6,"column":60}},"6":{"start":{"line":7,"column":0},"end":{"line":7,"column":3}},"7":{"start":{"line":8,"column":0},"end":{"line":8,"column":70}},"8":{"start":{"line":9,"column":0},"end":{"line":9,"column":37}},"9":{"start":{"line":10,"column":0},"end":{"line":10,"column":2}},"10":{"start":{"line":11,"column":0},"end":{"line":11,"column":0}},"11":{"start":{"line":12,"column":0},"end":{"line":12,"column":54}},"12":{"start":{"line":13,"column":0},"end":{"line":13,"column":22}},"13":{"start":{"line":14,"column":0},"end":{"line":14,"column":50}},"14":{"start":{"line":15,"column":0},"end":{"line":15,"column":3}},"15":{"start":{"line":16,"column":0},"end":{"line":16,"column":2}},"16":{"start":{"line":17,"column":0},"end":{"line":17,"column":0}},"17":{"start":{"line":18,"column":0},"end":{"line":18,"column":51}},"18":{"start":{"line":19,"column":0},"end":{"line":19,"column":22}},"19":{"start":{"line":20,"column":0},"end":{"line":20,"column":46}},"20":{"start":{"line":21,"column":0},"end":{"line":21,"column":3}},"21":{"start":{"line":22,"column":0},"end":{"line":22,"column":2}}},"s":{"0":0,"1":0,"2":0,"3":0,"4":0,"5":0,"6":0,"7":0,"8":0,"9":0,"10":0,"11":0,"12":0,"13":0,"14":0,"15":0,"16":0,"17":0,"18":0,"19":0,"20":0,"21":0},"branchMap":{"0":{"type":"branch","line":1,"loc":{"start":{"line":1,"column":635},"end":{"line":22,"column":2}},"locations":[{"start":{"line":1,"column":635},"end":{"line":22,"column":2}}]}},"b":{"0":[0]},"fnMap":{"0":{"name":"(empty-report)","decl":{"start":{"line":1,"column":635},"end":{"line":22,"column":2}},"loc":{"start":{"line":1,"column":635},"end":{"line":22,"column":2}},"line":1}},"f":{"0":0}}
,"/home/runner/work/study-game/study-game/src/utils/performance.js": {"path":"/home/runner/work/study-game/study-game/src/utils/performance.js","all":false,"statementMap":{"0":{"start":{"line":1,"column":0},"end":{"line":1,"column":31}},"1":{"start":{"line":2,"column":0},"end":{"line":2,"column":68}},"2":{"start":{"line":3,"column":0},"end":{"line":3,"column":0}},"3":{"start":{"line":4,"column":0},"end":{"line":4,"column":22}},"4":{"start":{"line":5,"column":0},"end":{"line":5,"column":41}},"5":{"start":{"line":6,"column":0},"end":{"line":6,"column":14}},"6":{"start":{"line":7,"column":0},"end":{"line":7,"column":45}},"7":{"start":{"line":8,"column":0},"end":{"line":8,"column":25}},"8":{"start":{"line":9,"column":0},"end":{"line":9,"column":28}},"9":{"start":{"line":10,"column":0},"end":{"line":10,"column":20}},"10":{"start":{"line":11,"column":0},"end":{"line":11,"column":6}},"11":{"start":{"line":12,"column":0},"end":{"line":12,"column":26}},"12":{"start":{"line":13,"column":0},"end":{"line":13,"column":38}},"13":{"start":{"line":14,"column":0},"end":{"line":14,"column":4}},"14":{"start":{"line":15,"column":0},"end":{"line":15,"column":2}},"15":{"start":{"line":16,"column":0},"end":{"line":16,"column":0}},"16":{"start":{"line":17,"column":0},"end":{"line":17,"column":22}},"17":{"start":{"line":18,"column":0},"end":{"line":18,"column":42}},"18":{"start":{"line":19,"column":0},"end":{"line":19,"column":17}},"19":{"start":{"line":20,"column":0},"end":{"line":20,"column":28}},"20":{"start":{"line":21,"column":0},"end":{"line":21,"column":22}},"21":{"start":{"line":22,"column":0},"end":{"line":22,"column":29}},"22":{"start":{"line":23,"column":0},"end":{"line":23,"column":24}},"23":{"start":{"line":24,"column":0},"end":{"line":24,"column":50}},"24":{"start":{"line":25,"column":0},"end":{"line":25,"column":5}},"25":{"start":{"line":26,"column":0},"end":{"line":26,"column":4}},"26":{"start":{"line":27,"column":0},"end":{"line":27,"column":2}},"27":{"start":{"line":28,"column":0},"end":{"line":28,"column":0}},"28":{"start":{"line":29,"column":0},"end":{"line":29,"column":15}},"29":{"start":{"line":30,"column":0},"end":{"line":30,"column":56}},"30":{"start":{"line":31,"column":0},"end":{"line":31,"column":37}},"31":{"start":{"line":32,"column":0},"end":{"line":32,"column":2}},"32":{"start":{"line":33,"column":0},"end":{"line":33,"column":0}},"33":{"start":{"line":34,"column":0},"end":{"line":34,"column":22}},"34":{"start":{"line":35,"column":0},"end":{"line":35,"column":50}},"35":{"start":{"line":36,"column":0},"end":{"line":36,"column":32}},"36":{"start":{"line":37,"column":0},"end":{"line":37,"column":2}},"37":{"start":{"line":38,"column":0},"end":{"line":38,"column":0}},"38":{"start":{"line":39,"column":0},"end":{"line":39,"column":18}},"39":{"start":{"line":40,"column":0},"end":{"line":40,"column":40}},"40":{"start":{"line":41,"column":0},"end":{"line":41,"column":23}},"41":{"start":{"line":42,"column":0},"end":{"line":42,"column":28}},"42":{"start":{"line":43,"column":0},"end":{"line":43,"column":18}},"43":{"start":{"line":44,"column":0},"end":{"line":44,"column":5}},"44":{"start":{"line":45,"column":0},"end":{"line":45,"column":2}},"45":{"start":{"line":46,"column":0},"end":{"line":46,"column":0}},"46":{"start":{"line":47,"column":0},"end":{"line":47,"column":28}},"47":{"start":{"line":48,"column":0},"end":{"line":48,"column":31}},"48":{"start":{"line":49,"column":0},"end":{"line":49,"column":79}},"49":{"start":{"line":50,"column":0},"end":{"line":50,"column":23}},"50":{"start":{"line":51,"column":0},"end":{"line":51,"column":31}},"51":{"start":{"line":52,"column":0},"end":{"line":52,"column":2}},"52":{"start":{"line":53,"column":0},"end":{"line":53,"column":0}},"53":{"start":{"line":54,"column":0},"end":{"line":54,"column":28}},"54":{"start":{"line":55,"column":0},"end":{"line":55,"column":31}},"55":{"start":{"line":56,"column":0},"end":{"line":56,"column":66}},"56":{"start":{"line":57,"column":0},"end":{"line":57,"column":2}},"57":{"start":{"line":58,"column":0},"end":{"line":58,"column":0}},"58":{"start":{"line":59,"column":0},"end":{"line":59,"column":34}},"59":{"start":{"line":60,"column":0},"end":{"line":60,"column":52}},"60":{"start":{"line":61,"column":0},"end":{"line":61,"column":70}},"61":{"start":{"line":62,"column":0},"end":{"line":62,"column":50}},"62":{"start":{"line":63,"column":0},"end":{"line":63,"column":3}},"63":{"start":{"line":64,"column":0},"end":{"line":64,"column":34}},"64":{"start":{"line":65,"column":0},"end":{"line":65,"column":2}},"65":{"start":{"line":66,"column":0},"end":{"line":66,"column":0}},"66":{"start":{"line":67,"column":0},"end":{"line":67,"column":33}},"67":{"start":{"line":68,"column":0},"end":{"line":68,"column":45}},"68":{"start":{"line":69,"column":0},"end":{"line":69,"column":69}},"69":{"start":{"line":70,"column":0},"end":{"line":70,"column":43}},"70":{"start":{"line":71,"column":0},"end":{"line":71,"column":3}},"71":{"start":{"line":72,"column":0},"end":{"line":72,"column":19}},"72":{"start":{"line":73,"column":0},"end":{"line":73,"column":2}}},"s":{"0":1,"1":1,"2":1,"3":1,"4":1,"5":5,"6":5,"7":11,"8":6,"9":6,"10":11,"11":11,"12":11,"13":5,"14":5,"15":1,"16":1,"17":1,"18":5,"19":5,"20":27,"21":7,"22":7,"23":7,"24":7,"25":5,"26":5,"27":1,"28":1,"29":1,"30":0,"31":0,"32":1,"33":1,"34":1,"35":0,"36":0,"37":1,"38":1,"39":1,"40":0,"41":0,"42":0,"43":0,"44":0,"45":1,"46":1,"47":1,"48":3,"49":3,"50":3,"51":3,"52":1,"53":1,"54":1,"55":3,"56":3,"57":1,"58":1,"59":1,"60":0,"61":0,"62":0,"63":0,"64":0,"65":1,"66":1,"67":1,"68":0,"69":0,"70":0,"71":0,"72":0},"branchMap":{"0":{"type":"branch","line":5,"loc":{"start":{"line":5,"column":24},"end":{"line":15,"column":2}},"locations":[{"start":{"line":5,"column":24},"end":{"line":15,"column":2}}]},"1":{"type":"branch","line":7,"loc":{"start":{"line":7,"column":9},"end":{"line":14,"column":3}},"locations":[{"start":{"line":7,"column":9},"end":{"line":14,"column":3}}]},"2":{"type":"branch","line":8,"loc":{"start":{"line":8,"column":18},"end":{"line":11,"column":5}},"locations":[{"start":{"line":8,"column":18},"end":{"line":11,"column":5}}]},"3":{"type":"branch","line":18,"loc":{"start":{"line":18,"column":24},"end":{"line":27,"column":2}},"locations":[{"start":{"line":18,"column":24},"end":{"line":27,"column":2}}]},"4":{"type":"branch","line":20,"loc":{"start":{"line":20,"column":9},"end":{"line":26,"column":3}},"locations":[{"start":{"line":20,"column":9},"end":{"line":26,"column":3}}]},"5":{"type":"branch","line":21,"loc":{"start":{"line":21,"column":21},"end":{"line":25,"column":5}},"locations":[{"start":{"line":21,"column":21},"end":{"line":25,"column":5}}]},"6":{"type":"branch","line":24,"loc":{"start":{"line":24,"column":17},"end":{"line":24,"column":41}},"locations":[{"start":{"line":24,"column":17},"end":{"line":24,"column":41}}]},"7":{"type":"branch","line":48,"loc":{"start":{"line":48,"column":24},"end":{"line":52,"column":2}},"locations":[{"start":{"line":48,"column":24},"end":{"line":52,"column":2}}]},"8":{"type":"branch","line":51,"loc":{"start":{"line":51,"column":4},"end":{"line":51,"column":30}},"locations":[{"start":{"line":51,"column":4},"end":{"line":51,"column":30}}]},"9":{"type":"branch","line":55,"loc":{"start":{"line":55,"column":24},"end":{"line":57,"column":2}},"locations":[{"start":{"line":55,"column":24},"end":{"line":57,"column":2}}]}},"b":{"0":[5],"1":[11],"2":[6],"3":[5],"4":[27],"5":[7],"6":[6],"7":[3],"8":[1],"9":[3]},"fnMap":{"0":{"name":"debounce","decl":{"start":{"line":5,"column":24},"end":{"line":15,"column":2}},"loc":{"start":{"line":5,"column":24},"end":{"line":15,"column":2}},"line":5},"1":{"name":"executedFunction","decl":{"start":{"line":7,"column":9},"end":{"line":14,"column":3}},"loc":{"start":{"line":7,"column":9},"end":{"line":14,"column":3}},"line":7},"2":{"name":"later","decl":{"start":{"line":8,"column":18},"end":{"line":11,"column":5}},"loc":{"start":{"line":8,"column":18},"end":{"line":11,"column":5}},"line":8},"3":{"name":"throttle","decl":{"start":{"line":18,"column":24},"end":{"line":27,"column":2}},"loc":{"start":{"line":18,"column":24},"end":{"line":27,"column":2}},"line":18},"4":{"name":"useMemoizedCallback","decl":{"start":{"line":30,"column":35},"end":{"line":32,"column":2}},"loc":{"start":{"line":30,"column":35},"end":{"line":32,"column":2}},"line":30},"5":{"name":"lazyLoadComponent","decl":{"start":{"line":35,"column":33},"end":{"line":37,"column":2}},"loc":{"start":{"line":35,"column":33},"end":{"line":37,"column":2}},"line":35},"6":{"name":"preloadImages","decl":{"start":{"line":40,"column":29},"end":{"line":45,"column":2}},"loc":{"start":{"line":40,"column":29},"end":{"line":45,"column":2}},"line":40},"7":{"name":"isMobile","decl":{"start":{"line":48,"column":24},"end":{"line":52,"column":2}},"loc":{"start":{"line":48,"column":24},"end":{"line":52,"column":2}},"line":48},"8":{"name":"hasTouch","decl":{"start":{"line":55,"column":24},"end":{"line":57,"column":2}},"loc":{"start":{"line":55,"column":24},"end":{"line":57,"column":2}},"line":55},"9":{"name":"requestAnimationFrame","decl":{"start":{"line":60,"column":37},"end":{"line":65,"column":2}},"loc":{"start":{"line":60,"column":37},"end":{"line":65,"column":2}},"line":60},"10":{"name":"cancelAnimationFrame","decl":{"start":{"line":68,"column":36},"end":{"line":73,"column":2}},"loc":{"start":{"line":68,"column":36},"end":{"line":73,"column":2}},"line":68}},"f":{"0":5,"1":11,"2":6,"3":5,"4":0,"5":0,"6":0,"7":3,"8":3,"9":0,"10":0}}
,"/home/runner/work/study-game/study-game/src/utils/performanceOptimizations.js": {"path":"/home/runner/work/study-game/study-game/src/utils/performanceOptimizations.js","all":true,"statementMap":{"0":{"start":{"line":1,"column":0},"end":{"line":1,"column":54}},"1":{"start":{"line":2,"column":0},"end":{"line":2,"column":66}},"2":{"start":{"line":3,"column":0},"end":{"line":3,"column":0}},"3":{"start":{"line":4,"column":0},"end":{"line":4,"column":3}},"4":{"start":{"line":5,"column":0},"end":{"line":5,"column":33}},"5":{"start":{"line":6,"column":0},"end":{"line":6,"column":3}},"6":{"start":{"line":7,"column":0},"end":{"line":7,"column":54}},"7":{"start":{"line":8,"column":0},"end":{"line":8,"column":34}},"8":{"start":{"line":9,"column":0},"end":{"line":9,"column":2}},"9":{"start":{"line":10,"column":0},"end":{"line":10,"column":0}},"10":{"start":{"line":11,"column":0},"end":{"line":11,"column":3}},"11":{"start":{"line":12,"column":0},"end":{"line":12,"column":26}},"12":{"start":{"line":13,"column":0},"end":{"line":13,"column":3}},"13":{"start":{"line":14,"column":0},"end":{"line":14,"column":49}},"14":{"start":{"line":15,"column":0},"end":{"line":15,"column":60}},"15":{"start":{"line":16,"column":0},"end":{"line":16,"column":2}},"16":{"start":{"line":17,"column":0},"end":{"line":17,"column":35}},"17":{"start":{"line":18,"column":0},"end":{"line":18,"column":29}},"18":{"start":{"line":19,"column":0},"end":{"line":19,"column":39}},"19":{"start":{"line":20,"column":0},"end":{"line":20,"column":5}},"20":{"start":{"line":21,"column":0},"end":{"line":21,"column":43}},"21":{"start":{"line":22,"column":0},"end":{"line":22,"column":24}},"22":{"start":{"line":23,"column":0},"end":{"line":23,"column":14}},"23":{"start":{"line":24,"column":0},"end":{"line":24,"column":36}},"24":{"start":{"line":25,"column":0},"end":{"line":25,"column":2}},"25":{"start":{"line":26,"column":0},"end":{"line":26,"column":0}},"26":{"start":{"line":27,"column":0},"end":{"line":27,"column":3}},"27":{"start":{"line":28,"column":0},"end":{"line":28,"column":26}},"28":{"start":{"line":29,"column":0},"end":{"line":29,"column":3}},"29":{"start":{"line":30,"column":0},"end":{"line":30,"column":49}},"30":{"start":{"line":31,"column":0},"end":{"line":31,"column":66}},"31":{"start":{"line":32,"column":0},"end":{"line":32,"column":2}},"32":{"start":{"line":33,"column":0},"end":{"line":33,"column":35}},"33":{"start":{"line":34,"column":0},"end":{"line":34,"column":51}},"34":{"start":{"line":35,"column":0},"end":{"line":35,"column":24}},"35":{"start":{"line":36,"column":0},"end":{"line":36,"column":38}},"36":{"start":{"line":37,"column":0},"end":{"line":37,"column":5}},"37":{"start":{"line":38,"column":0},"end":{"line":38,"column":36}},"38":{"start":{"line":39,"column":0},"end":{"line":39,"column":2}},"39":{"start":{"line":40,"column":0},"end":{"line":40,"column":0}},"40":{"start":{"line":41,"column":0},"end":{"line":41,"column":3}},"41":{"start":{"line":42,"column":0},"end":{"line":42,"column":19}},"42":{"start":{"line":43,"column":0},"end":{"line":43,"column":3}},"43":{"start":{"line":44,"column":0},"end":{"line":44,"column":38}},"44":{"start":{"line":45,"column":0},"end":{"line":45,"column":46}},"45":{"start":{"line":46,"column":0},"end":{"line":46,"column":44}},"46":{"start":{"line":47,"column":0},"end":{"line":47,"column":2}},"47":{"start":{"line":48,"column":0},"end":{"line":48,"column":19}},"48":{"start":{"line":49,"column":0},"end":{"line":49,"column":28}},"49":{"start":{"line":50,"column":0},"end":{"line":50,"column":39}},"50":{"start":{"line":51,"column":0},"end":{"line":51,"column":39}},"51":{"start":{"line":52,"column":0},"end":{"line":52,"column":18}},"52":{"start":{"line":53,"column":0},"end":{"line":53,"column":12}},"53":{"start":{"line":54,"column":0},"end":{"line":54,"column":2}},"54":{"start":{"line":55,"column":0},"end":{"line":55,"column":27}},"55":{"start":{"line":56,"column":0},"end":{"line":56,"column":2}},"56":{"start":{"line":57,"column":0},"end":{"line":57,"column":0}},"57":{"start":{"line":58,"column":0},"end":{"line":58,"column":3}},"58":{"start":{"line":59,"column":0},"end":{"line":59,"column":41}},"59":{"start":{"line":60,"column":0},"end":{"line":60,"column":3}},"60":{"start":{"line":61,"column":0},"end":{"line":61,"column":63}},"61":{"start":{"line":62,"column":0},"end":{"line":62,"column":62}},"62":{"start":{"line":63,"column":0},"end":{"line":63,"column":2}},"63":{"start":{"line":64,"column":0},"end":{"line":64,"column":19}},"64":{"start":{"line":65,"column":0},"end":{"line":65,"column":29}},"65":{"start":{"line":66,"column":0},"end":{"line":66,"column":4}},"66":{"start":{"line":67,"column":0},"end":{"line":67,"column":60}},"67":{"start":{"line":68,"column":0},"end":{"line":68,"column":46}},"68":{"start":{"line":69,"column":0},"end":{"line":69,"column":16}},"69":{"start":{"line":70,"column":0},"end":{"line":70,"column":4}},"70":{"start":{"line":71,"column":0},"end":{"line":71,"column":34}},"71":{"start":{"line":72,"column":0},"end":{"line":72,"column":4}},"72":{"start":{"line":73,"column":0},"end":{"line":73,"column":18}},"73":{"start":{"line":74,"column":0},"end":{"line":74,"column":24}},"74":{"start":{"line":75,"column":0},"end":{"line":75,"column":40}},"75":{"start":{"line":76,"column":0},"end":{"line":76,"column":7}},"76":{"start":{"line":77,"column":0},"end":{"line":77,"column":6}},"77":{"start":{"line":78,"column":0},"end":{"line":78,"column":21}},"78":{"start":{"line":79,"column":0},"end":{"line":79,"column":2}},"79":{"start":{"line":80,"column":0},"end":{"line":80,"column":24}},"80":{"start":{"line":81,"column":0},"end":{"line":81,"column":2}}},"s":{"0":0,"1":0,"2":0,"3":0,"4":0,"5":0,"6":0,"7":0,"8":0,"9":0,"10":0,"11":0,"12":0,"13":0,"14":0,"15":0,"16":0,"17":0,"18":0,"19":0,"20":0,"21":0,"22":0,"23":0,"24":0,"25":0,"26":0,"27":0,"28":0,"29":0,"30":0,"31":0,"32":0,"33":0,"34":0,"35":0,"36":0,"37":0,"38":0,"39":0,"40":0,"41":0,"42":0,"43":0,"44":0,"45":0,"46":0,"47":0,"48":0,"49":0,"50":0,"51":0,"52":0,"53":0,"54":0,"55":0,"56":0,"57":0,"58":0,"59":0,"60":0,"61":0,"62":0,"63":0,"64":0,"65":0,"66":0,"67":0,"68":0,"69":0,"70":0,"71":0,"72":0,"73":0,"74":0,"75":0,"76":0,"77":0,"78":0,"79":0,"80":0},"branchMap":{"0":{"type":"branch","line":1,"loc":{"start":{"line":1,"column":0},"end":{"line":81,"column":-611}},"locations":[{"start":{"line":1,"column":0},"end":{"line":81,"column":-611}}]}},"b":{"0":[0]},"fnMap":{"0":{"name":"(empty-report)","decl":{"start":{"line":1,"column":0},"end":{"line":81,"column":-611}},"loc":{"start":{"line":1,"column":0},"end":{"line":81,"column":-611}},"line":1}},"f":{"0":0}}
}
